Using pre-set license
Built from '2021.2/staging' branch; Version is '2021.2.7f1 (6bd9e232123f) revision 7068130'; Using compiler version '192829333'; Build Type 'Release'
OS: 'Windows 10  (10.0.19043) 64bit Core' Language: 'zh' Physical Memory: 16339 MB
BatchMode: 1, IsHumanControllingUs: 0, StartBugReporterOnCrash: 0, Is64bit: 1, IsPro: 0

COMMAND LINE ARGUMENTS:
C:\Program Files\Unity\Hub\Editor\2021.2.7f1\Editor\Unity.exe
-adb2
-batchMode
-noUpm
-name
AssetImportWorker0
-projectPath
D:/Program Files/unity/Section401/GAME3004-W2022-Lab1
-logFile
Logs/AssetImportWorker0.log
-srvPort
56245
Successfully changed project path to: D:/Program Files/unity/Section401/GAME3004-W2022-Lab1
D:/Program Files/unity/Section401/GAME3004-W2022-Lab1
[UnityMemory] Configuration Parameters - Can be set up in boot.config
    "memorysetup-bucket-allocator-granularity=16"
    "memorysetup-bucket-allocator-bucket-count=8"
    "memorysetup-bucket-allocator-block-size=33554432"
    "memorysetup-bucket-allocator-block-count=8"
    "memorysetup-main-allocator-block-size=16777216"
    "memorysetup-thread-allocator-block-size=16777216"
    "memorysetup-gfx-main-allocator-block-size=16777216"
    "memorysetup-gfx-thread-allocator-block-size=16777216"
    "memorysetup-cache-allocator-block-size=4194304"
    "memorysetup-typetree-allocator-block-size=2097152"
    "memorysetup-profiler-bucket-allocator-granularity=16"
    "memorysetup-profiler-bucket-allocator-bucket-count=8"
    "memorysetup-profiler-bucket-allocator-block-size=33554432"
    "memorysetup-profiler-bucket-allocator-block-count=8"
    "memorysetup-profiler-allocator-block-size=16777216"
    "memorysetup-profiler-editor-allocator-block-size=1048576"
    "memorysetup-temp-allocator-size-main=16777216"
    "memorysetup-job-temp-allocator-block-size=2097152"
    "memorysetup-job-temp-allocator-block-size-background=1048576"
    "memorysetup-job-temp-allocator-reduction-small-platforms=262144"
    "memorysetup-temp-allocator-size-background-worker=32768"
    "memorysetup-temp-allocator-size-job-worker=262144"
    "memorysetup-temp-allocator-size-preload-manager=33554432"
    "memorysetup-temp-allocator-size-nav-mesh-worker=65536"
    "memorysetup-temp-allocator-size-audio-worker=65536"
    "memorysetup-temp-allocator-size-cloud-worker=32768"
    "memorysetup-temp-allocator-size-gi-baking-worker=262144"
    "memorysetup-temp-allocator-size-gfx=262144"
Refreshing native plugins compatible for Editor in 83.40 ms, found 3 plugins.
Preloading 0 native plugins for Editor in 0.00 ms.
Initialize engine version: 2021.2.7f1 (6bd9e232123f)
[Subsystems] Discovering subsystems at path C:/Program Files/Unity/Hub/Editor/2021.2.7f1/Editor/Data/Resources/UnitySubsystems
[Subsystems] Discovering subsystems at path D:/Program Files/unity/Section401/GAME3004-W2022-Lab1/Assets
GfxDevice: creating device client; threaded=0; jobified=0
Direct3D:
    Version:  Direct3D 11.0 [level 11.1]
    Renderer: NVIDIA GeForce GTX 980M (ID=0x13d7)
    Vendor:   NVIDIA
    VRAM:     8035 MB
    Driver:   30.0.14.9729
Initialize mono
Mono path[0] = 'C:/Program Files/Unity/Hub/Editor/2021.2.7f1/Editor/Data/Managed'
Mono path[1] = 'C:/Program Files/Unity/Hub/Editor/2021.2.7f1/Editor/Data/MonoBleedingEdge/lib/mono/unityjit-win32'
Mono config path = 'C:/Program Files/Unity/Hub/Editor/2021.2.7f1/Editor/Data/MonoBleedingEdge/etc'
Using monoOptions --debugger-agent=transport=dt_socket,embedding=1,server=y,suspend=n,address=127.0.0.1:56784
Begin MonoManager ReloadAssembly
Registering precompiled unity dll's ...
Register platform support module: C:/Program Files/Unity/Hub/Editor/2021.2.7f1/Editor/Data/PlaybackEngines/WindowsStandaloneSupport/UnityEditor.WindowsStandalone.Extensions.dll
Registered in 0.008692 seconds.
Native extension for WindowsStandalone target not found
Refreshing native plugins compatible for Editor in 79.89 ms, found 3 plugins.
Preloading 0 native plugins for Editor in 0.00 ms.
Mono: successfully reloaded assembly
- Completed reload, in  0.761 seconds
Domain Reload Profiling:
	ReloadAssembly (762ms)
		BeginReloadAssembly (89ms)
			ExecutionOrderSort (0ms)
			DisableScriptedObjects (0ms)
			BackupInstance (0ms)
			ReleaseScriptingObjects (0ms)
			CreateAndSetChildDomain (1ms)
		EndReloadAssembly (570ms)
			LoadAssemblies (86ms)
			RebuildTransferFunctionScriptingTraits (0ms)
			SetupTypeCache (121ms)
			ReleaseScriptCaches (0ms)
			RebuildScriptCaches (35ms)
			SetupLoadedEditorAssemblies (352ms)
				LogAssemblyErrors (0ms)
				InitializePlatformSupportModulesInManaged (18ms)
				SetLoadedEditorAssemblies (0ms)
				RefreshPlugins (80ms)
				BeforeProcessingInitializeOnLoad (2ms)
				ProcessInitializeOnLoadAttributes (197ms)
				ProcessInitializeOnLoadMethodAttributes (55ms)
				AfterProcessingInitializeOnLoad (0ms)
				EditorAssembliesLoaded (0ms)
			ExecutionOrderSort2 (0ms)
			AwakeInstancesAfterBackupRestoration (0ms)
Platform modules already initialized, skipping
Registering precompiled user dll's ...
Registered in 0.004723 seconds.
Begin MonoManager ReloadAssembly
Symbol file LoadedFromMemory doesn't match image D:\Program Files\unity\Section401\GAME3004-W2022-Lab1\Library\PackageCache\com.unity.visualscripting@1.7.6\Editor\VisualScripting.Core\Dependencies\YamlDotNet\Unity.VisualScripting.YamlDotNet.dll
Symbol file LoadedFromMemory doesn't match image D:\Program Files\unity\Section401\GAME3004-W2022-Lab1\Library\PackageCache\com.unity.visualscripting@1.7.6\Editor\VisualScripting.Core\Dependencies\DotNetZip\Unity.VisualScripting.IonicZip.dll
Native extension for WindowsStandalone target not found
Refreshing native plugins compatible for Editor in 0.69 ms, found 3 plugins.
Preloading 0 native plugins for Editor in 0.00 ms.
Mono: successfully reloaded assembly
Package Manager log level set to [2]
- Completed reload, in  1.124 seconds
Domain Reload Profiling:
	ReloadAssembly (1125ms)
		BeginReloadAssembly (128ms)
			ExecutionOrderSort (0ms)
			DisableScriptedObjects (7ms)
			BackupInstance (0ms)
			ReleaseScriptingObjects (0ms)
			CreateAndSetChildDomain (23ms)
		EndReloadAssembly (886ms)
			LoadAssemblies (82ms)
			RebuildTransferFunctionScriptingTraits (0ms)
			SetupTypeCache (253ms)
			ReleaseScriptCaches (1ms)
			RebuildScriptCaches (57ms)
			SetupLoadedEditorAssemblies (443ms)
				LogAssemblyErrors (0ms)
				InitializePlatformSupportModulesInManaged (14ms)
				SetLoadedEditorAssemblies (1ms)
				RefreshPlugins (1ms)
				BeforeProcessingInitializeOnLoad (92ms)
				ProcessInitializeOnLoadAttributes (298ms)
				ProcessInitializeOnLoadMethodAttributes (29ms)
				AfterProcessingInitializeOnLoad (9ms)
				EditorAssembliesLoaded (0ms)
			ExecutionOrderSort2 (0ms)
			AwakeInstancesAfterBackupRestoration (7ms)
Platform modules already initialized, skipping
========================================================================
Worker process is ready to serve import requests
Launched and connected shader compiler UnityShaderCompiler.exe after 0.09 seconds
Refreshing native plugins compatible for Editor in 0.65 ms, found 3 plugins.
Preloading 0 native plugins for Editor in 0.00 ms.
Unloading 3299 Unused Serialized files (Serialized files now loaded: 0)
Unloading 40 unused Assets / (52.6 MB). Loaded Objects now: 3741.
Memory consumption went from 113.5 MB to 61.0 MB.
Total: 5.066500 ms (FindLiveObjects: 0.308400 ms CreateObjectMapping: 0.315900 ms MarkObjects: 4.338700 ms  DeleteObjects: 0.102300 ms)

AssetImportParameters requested are different than current active one (requested -> active):
  custom:video-decoder-ogg-theora: a1e56fd34408186e4bbccfd4996cb3dc -> 
  custom:container-muxer-webm: aa71ff27fc2769a1b78a27578f13a17b -> 
  custom:container-demuxer-webm: 4f35f7cbe854078d1ac9338744f61a02 -> 
  custom:video-encoder-webm-vp8: eb34c28f22e8b96e1ab97ce403110664 -> 
  custom:audio-encoder-webm-vorbis: bf7c407c2cedff20999df2af8eb42d56 -> 
  custom:framework-win-MediaFoundation: 216162199b28c13a410421893ffa2e32 -> 
  custom:container-demuxer-ogg: 62fdf1f143b41e24485cea50d1cbac27 -> 
  custom:video-decoder-webm-vp8: 9c59270c3fd7afecdb556c50c9e8de78 -> 
  custom:audio-decoder-ogg-vorbis: bf7c407c2cedff20999df2af8eb42d56 -> 
========================================================================
Received Import Request.
  Time since last request: 5136.868435 seconds.
  path: Assets/Models/tlie2.fbx
  artifactKey: Guid(f650a5ffae55d5b458e55192139b1ee9) Importer(815301076,1909f56bfc062723c751e8b465ee728b)
Start importing Assets/Models/tlie2.fbx using Guid(f650a5ffae55d5b458e55192139b1ee9) Importer(815301076,1909f56bfc062723c751e8b465ee728b)  -> (artifact id: '6b18a2088d8bb38b9f848f2f72a66077') in 0.055515 seconds 
========================================================================
Received Import Request.
  Time since last request: 161.662057 seconds.
  path: Assets/Textures/Gravel Cobble Ground Texture.jpg
  artifactKey: Guid(1c739c5f15716c641bdc538222aad116) Importer(815301076,1909f56bfc062723c751e8b465ee728b)
Start importing Assets/Textures/Gravel Cobble Ground Texture.jpg using Guid(1c739c5f15716c641bdc538222aad116) Importer(815301076,1909f56bfc062723c751e8b465ee728b)  -> (artifact id: '8eeaebb2e7ddd218a67570586c5e6e05') in 0.083499 seconds 
========================================================================
Received Import Request.
  Time since last request: 117.210230 seconds.
  path: Assets/Models/tlie2.fbx
  artifactKey: Guid(f650a5ffae55d5b458e55192139b1ee9) Importer(815301076,1909f56bfc062723c751e8b465ee728b)
Start importing Assets/Models/tlie2.fbx using Guid(f650a5ffae55d5b458e55192139b1ee9) Importer(815301076,1909f56bfc062723c751e8b465ee728b)  -> (artifact id: 'b72f3e5043455758b4813f4bc648f868') in 0.005180 seconds 
========================================================================
Received Import Request.
  Time since last request: 13.762938 seconds.
  path: Assets/Models/tlie1.fbx
  artifactKey: Guid(cab337e559d88b44c8f2bb2b82f7d599) Importer(815301076,1909f56bfc062723c751e8b465ee728b)
Start importing Assets/Models/tlie1.fbx using Guid(cab337e559d88b44c8f2bb2b82f7d599) Importer(815301076,1909f56bfc062723c751e8b465ee728b)  -> (artifact id: 'c9933db5d39511c970b6ff5e15e6e157') in 0.005394 seconds 
========================================================================
Received Import Request.
  Time since last request: 23.442341 seconds.
  path: Assets/Models/tlie1.fbx
  artifactKey: Guid(cab337e559d88b44c8f2bb2b82f7d599) Importer(815301076,1909f56bfc062723c751e8b465ee728b)
Start importing Assets/Models/tlie1.fbx using Guid(cab337e559d88b44c8f2bb2b82f7d599) Importer(815301076,1909f56bfc062723c751e8b465ee728b)  -> (artifact id: '8559ac3dfae31a4ca3e9d3db94122021') in 0.007254 seconds 
========================================================================
Received Import Request.
  Time since last request: 5.157269 seconds.
  path: Assets/Models/tlie1.fbx
  artifactKey: Guid(cab337e559d88b44c8f2bb2b82f7d599) Importer(815301076,1909f56bfc062723c751e8b465ee728b)
Start importing Assets/Models/tlie1.fbx using Guid(cab337e559d88b44c8f2bb2b82f7d599) Importer(815301076,1909f56bfc062723c751e8b465ee728b)  -> (artifact id: '109b79ec339b4a8357eb12572b5edbe4') in 0.005732 seconds 
========================================================================
Received Import Request.
  Time since last request: 4.113145 seconds.
  path: Assets/Models/tlie1.fbx
  artifactKey: Guid(cab337e559d88b44c8f2bb2b82f7d599) Importer(815301076,1909f56bfc062723c751e8b465ee728b)
Start importing Assets/Models/tlie1.fbx using Guid(cab337e559d88b44c8f2bb2b82f7d599) Importer(815301076,1909f56bfc062723c751e8b465ee728b)  -> (artifact id: '9c52b94bbc11730c21409fd701771c6d') in 0.004779 seconds 
========================================================================
Received Import Request.
  Time since last request: 2.514956 seconds.
  path: Assets/Models/tlie1.fbx
  artifactKey: Guid(cab337e559d88b44c8f2bb2b82f7d599) Importer(815301076,1909f56bfc062723c751e8b465ee728b)
Start importing Assets/Models/tlie1.fbx using Guid(cab337e559d88b44c8f2bb2b82f7d599) Importer(815301076,1909f56bfc062723c751e8b465ee728b)  -> (artifact id: '0825ec8d63373290ae8119ae77e930e9') in 0.006281 seconds 
========================================================================
Received Import Request.
  Time since last request: 6.652099 seconds.
  path: Assets/Models/tlie1.fbx
  artifactKey: Guid(cab337e559d88b44c8f2bb2b82f7d599) Importer(815301076,1909f56bfc062723c751e8b465ee728b)
Start importing Assets/Models/tlie1.fbx using Guid(cab337e559d88b44c8f2bb2b82f7d599) Importer(815301076,1909f56bfc062723c751e8b465ee728b)  -> (artifact id: '61720dad894de4c2b122ebca9541697d') in 0.005194 seconds 
========================================================================
Received Import Request.
  Time since last request: 7.176692 seconds.
  path: Assets/Models/tlie1.fbx
  artifactKey: Guid(cab337e559d88b44c8f2bb2b82f7d599) Importer(815301076,1909f56bfc062723c751e8b465ee728b)
Start importing Assets/Models/tlie1.fbx using Guid(cab337e559d88b44c8f2bb2b82f7d599) Importer(815301076,1909f56bfc062723c751e8b465ee728b)  -> (artifact id: 'a9f0ef937e8711b949634c72d2ccf4a7') in 0.005324 seconds 
========================================================================
Received Import Request.
  Time since last request: 214.142940 seconds.
  path: Assets/Models/tlie2 1.fbx
  artifactKey: Guid(19b545ff683d95f4680b8c449d03f394) Importer(815301076,1909f56bfc062723c751e8b465ee728b)
Start importing Assets/Models/tlie2 1.fbx using Guid(19b545ff683d95f4680b8c449d03f394) Importer(815301076,1909f56bfc062723c751e8b465ee728b)  -> (artifact id: 'c9574bcf3ce32e97cbbfcfbe00c59d23') in 0.382181 seconds 
========================================================================
Received Import Request.
  Time since last request: 11.180268 seconds.
  path: Assets/Models/tlie2.fbx
  artifactKey: Guid(19b545ff683d95f4680b8c449d03f394) Importer(815301076,1909f56bfc062723c751e8b465ee728b)
Start importing Assets/Models/tlie2.fbx using Guid(19b545ff683d95f4680b8c449d03f394) Importer(815301076,1909f56bfc062723c751e8b465ee728b)  -> (artifact id: '886bb4a094346b2b43683409ed3993d5') in 0.036481 seconds 
========================================================================
Received Import Request.
  Time since last request: 30.177011 seconds.
  path: Assets/Models/tlie1.fbx
  artifactKey: Guid(cab337e559d88b44c8f2bb2b82f7d599) Importer(815301076,1909f56bfc062723c751e8b465ee728b)
Start importing Assets/Models/tlie1.fbx using Guid(cab337e559d88b44c8f2bb2b82f7d599) Importer(815301076,1909f56bfc062723c751e8b465ee728b)  -> (artifact id: '2be6ddd45e4bb1430bc480c4fa72c7ee') in 0.031697 seconds 
========================================================================
Received Import Request.
  Time since last request: 72.079210 seconds.
  path: Assets/Models/tlie1.fbx
  artifactKey: Guid(cab337e559d88b44c8f2bb2b82f7d599) Importer(815301076,1909f56bfc062723c751e8b465ee728b)
Start importing Assets/Models/tlie1.fbx using Guid(cab337e559d88b44c8f2bb2b82f7d599) Importer(815301076,1909f56bfc062723c751e8b465ee728b)  -> (artifact id: 'a1988f29ebe6f76d6406104a9450bc23') in 0.031562 seconds 
========================================================================
Received Import Request.
  Time since last request: 47.220773 seconds.
  path: Assets/Models/tlie1.fbx
  artifactKey: Guid(cab337e559d88b44c8f2bb2b82f7d599) Importer(815301076,1909f56bfc062723c751e8b465ee728b)
Start importing Assets/Models/tlie1.fbx using Guid(cab337e559d88b44c8f2bb2b82f7d599) Importer(815301076,1909f56bfc062723c751e8b465ee728b)  -> (artifact id: 'c8084610c2aae9aed6f13cd3eb2f30cb') in 0.024477 seconds 
========================================================================
Received Import Request.
  Time since last request: 134.980051 seconds.
  path: Assets/Models/tlie2.fbx
  artifactKey: Guid(19b545ff683d95f4680b8c449d03f394) Importer(815301076,1909f56bfc062723c751e8b465ee728b)
Start importing Assets/Models/tlie2.fbx using Guid(19b545ff683d95f4680b8c449d03f394) Importer(815301076,1909f56bfc062723c751e8b465ee728b)  -> (artifact id: 'e69dd908d87bc34e8a354e87c1b1472c') in 0.036782 seconds 
========================================================================
Received Import Request.
  Time since last request: 19.977363 seconds.
  path: Assets/Models/tlie2.fbx
  artifactKey: Guid(19b545ff683d95f4680b8c449d03f394) Importer(815301076,1909f56bfc062723c751e8b465ee728b)
Start importing Assets/Models/tlie2.fbx using Guid(19b545ff683d95f4680b8c449d03f394) Importer(815301076,1909f56bfc062723c751e8b465ee728b)  -> (artifact id: 'c98b54436d73bc3cc56cd15c0abda9a5') in 0.025464 seconds 
========================================================================
Received Import Request.
  Time since last request: 92.624210 seconds.
  path: Assets/Prefabs/Tlie1.prefab
  artifactKey: Guid(19fdb2e8898576d4cafc8bf857b65176) Importer(815301076,1909f56bfc062723c751e8b465ee728b)
Start importing Assets/Prefabs/Tlie1.prefab using Guid(19fdb2e8898576d4cafc8bf857b65176) Importer(815301076,1909f56bfc062723c751e8b465ee728b)  -> (artifact id: 'dd450937f5764feaa8e674e7059bfaef') in 0.024107 seconds 
========================================================================
Received Import Request.
  Time since last request: 56.846027 seconds.
  path: Assets/Prefabs/Tlie2.prefab
  artifactKey: Guid(4c2b29ea45177f74f9e0c87e38d32816) Importer(815301076,1909f56bfc062723c751e8b465ee728b)
Start importing Assets/Prefabs/Tlie2.prefab using Guid(4c2b29ea45177f74f9e0c87e38d32816) Importer(815301076,1909f56bfc062723c751e8b465ee728b)  -> (artifact id: '534548622f4334d818e34e314a5355d9') in 0.018477 seconds 
