Using pre-set license
Built from '2021.2/staging' branch; Version is '2021.2.7f1 (6bd9e232123f) revision 7068130'; Using compiler version '192829333'; Build Type 'Release'
OS: 'Windows 10  (10.0.19043) 64bit Core' Language: 'zh' Physical Memory: 16339 MB
BatchMode: 1, IsHumanControllingUs: 0, StartBugReporterOnCrash: 0, Is64bit: 1, IsPro: 0

COMMAND LINE ARGUMENTS:
C:\Program Files\Unity\Hub\Editor\2021.2.7f1\Editor\Unity.exe
-adb2
-batchMode
-noUpm
-name
AssetImportWorker0
-projectPath
D:/Program Files/unity/Section401/GAME3004-W2022-Lab2
-logFile
Logs/AssetImportWorker0.log
-srvPort
51621
Successfully changed project path to: D:/Program Files/unity/Section401/GAME3004-W2022-Lab2
D:/Program Files/unity/Section401/GAME3004-W2022-Lab2
[UnityMemory] Configuration Parameters - Can be set up in boot.config
    "memorysetup-bucket-allocator-granularity=16"
    "memorysetup-bucket-allocator-bucket-count=8"
    "memorysetup-bucket-allocator-block-size=33554432"
    "memorysetup-bucket-allocator-block-count=8"
    "memorysetup-main-allocator-block-size=16777216"
    "memorysetup-thread-allocator-block-size=16777216"
    "memorysetup-gfx-main-allocator-block-size=16777216"
    "memorysetup-gfx-thread-allocator-block-size=16777216"
    "memorysetup-cache-allocator-block-size=4194304"
    "memorysetup-typetree-allocator-block-size=2097152"
    "memorysetup-profiler-bucket-allocator-granularity=16"
    "memorysetup-profiler-bucket-allocator-bucket-count=8"
    "memorysetup-profiler-bucket-allocator-block-size=33554432"
    "memorysetup-profiler-bucket-allocator-block-count=8"
    "memorysetup-profiler-allocator-block-size=16777216"
    "memorysetup-profiler-editor-allocator-block-size=1048576"
    "memorysetup-temp-allocator-size-main=16777216"
    "memorysetup-job-temp-allocator-block-size=2097152"
    "memorysetup-job-temp-allocator-block-size-background=1048576"
    "memorysetup-job-temp-allocator-reduction-small-platforms=262144"
    "memorysetup-temp-allocator-size-background-worker=32768"
    "memorysetup-temp-allocator-size-job-worker=262144"
    "memorysetup-temp-allocator-size-preload-manager=33554432"
    "memorysetup-temp-allocator-size-nav-mesh-worker=65536"
    "memorysetup-temp-allocator-size-audio-worker=65536"
    "memorysetup-temp-allocator-size-cloud-worker=32768"
    "memorysetup-temp-allocator-size-gi-baking-worker=262144"
    "memorysetup-temp-allocator-size-gfx=262144"
Refreshing native plugins compatible for Editor in 92.37 ms, found 4 plugins.
Preloading 0 native plugins for Editor in 0.00 ms.
Initialize engine version: 2021.2.7f1 (6bd9e232123f)
[Subsystems] Discovering subsystems at path C:/Program Files/Unity/Hub/Editor/2021.2.7f1/Editor/Data/Resources/UnitySubsystems
[Subsystems] Discovering subsystems at path D:/Program Files/unity/Section401/GAME3004-W2022-Lab2/Assets
GfxDevice: creating device client; threaded=0; jobified=0
Direct3D:
    Version:  Direct3D 11.0 [level 11.1]
    Renderer: NVIDIA GeForce GTX 980M (ID=0x13d7)
    Vendor:   NVIDIA
    VRAM:     8035 MB
    Driver:   30.0.14.9729
Initialize mono
Mono path[0] = 'C:/Program Files/Unity/Hub/Editor/2021.2.7f1/Editor/Data/Managed'
Mono path[1] = 'C:/Program Files/Unity/Hub/Editor/2021.2.7f1/Editor/Data/MonoBleedingEdge/lib/mono/unityjit-win32'
Mono config path = 'C:/Program Files/Unity/Hub/Editor/2021.2.7f1/Editor/Data/MonoBleedingEdge/etc'
Using monoOptions --debugger-agent=transport=dt_socket,embedding=1,server=y,suspend=n,address=127.0.0.1:56776
Begin MonoManager ReloadAssembly
Registering precompiled unity dll's ...
Register platform support module: C:/Program Files/Unity/Hub/Editor/2021.2.7f1/Editor/Data/PlaybackEngines/WindowsStandaloneSupport/UnityEditor.WindowsStandalone.Extensions.dll
Registered in 0.011008 seconds.
Native extension for WindowsStandalone target not found
Refreshing native plugins compatible for Editor in 89.97 ms, found 4 plugins.
Preloading 0 native plugins for Editor in 0.00 ms.
Mono: successfully reloaded assembly
- Completed reload, in  0.825 seconds
Domain Reload Profiling:
	ReloadAssembly (826ms)
		BeginReloadAssembly (99ms)
			ExecutionOrderSort (0ms)
			DisableScriptedObjects (0ms)
			BackupInstance (0ms)
			ReleaseScriptingObjects (0ms)
			CreateAndSetChildDomain (1ms)
		EndReloadAssembly (613ms)
			LoadAssemblies (96ms)
			RebuildTransferFunctionScriptingTraits (0ms)
			SetupTypeCache (147ms)
			ReleaseScriptCaches (0ms)
			RebuildScriptCaches (36ms)
			SetupLoadedEditorAssemblies (366ms)
				LogAssemblyErrors (0ms)
				InitializePlatformSupportModulesInManaged (19ms)
				SetLoadedEditorAssemblies (0ms)
				RefreshPlugins (90ms)
				BeforeProcessingInitializeOnLoad (1ms)
				ProcessInitializeOnLoadAttributes (187ms)
				ProcessInitializeOnLoadMethodAttributes (68ms)
				AfterProcessingInitializeOnLoad (0ms)
				EditorAssembliesLoaded (0ms)
			ExecutionOrderSort2 (0ms)
			AwakeInstancesAfterBackupRestoration (0ms)
Platform modules already initialized, skipping
Registering precompiled user dll's ...
Registered in 0.005476 seconds.
Begin MonoManager ReloadAssembly
Symbol file LoadedFromMemory doesn't match image D:\Program Files\unity\Section401\GAME3004-W2022-Lab2\Library\PackageCache\com.unity.visualscripting@1.7.6\Editor\VisualScripting.Core\Dependencies\YamlDotNet\Unity.VisualScripting.YamlDotNet.dll
Symbol file LoadedFromMemory doesn't match image D:\Program Files\unity\Section401\GAME3004-W2022-Lab2\Library\PackageCache\com.unity.visualscripting@1.7.6\Editor\VisualScripting.Core\Dependencies\DotNetZip\Unity.VisualScripting.IonicZip.dll
Native extension for WindowsStandalone target not found
Refreshing native plugins compatible for Editor in 0.69 ms, found 4 plugins.
Preloading 0 native plugins for Editor in 0.00 ms.
Mono: successfully reloaded assembly
Package Manager log level set to [2]
- Completed reload, in  1.242 seconds
Domain Reload Profiling:
	ReloadAssembly (1243ms)
		BeginReloadAssembly (136ms)
			ExecutionOrderSort (0ms)
			DisableScriptedObjects (8ms)
			BackupInstance (0ms)
			ReleaseScriptingObjects (0ms)
			CreateAndSetChildDomain (21ms)
		EndReloadAssembly (970ms)
			LoadAssemblies (92ms)
			RebuildTransferFunctionScriptingTraits (0ms)
			SetupTypeCache (296ms)
			ReleaseScriptCaches (1ms)
			RebuildScriptCaches (68ms)
			SetupLoadedEditorAssemblies (455ms)
				LogAssemblyErrors (0ms)
				InitializePlatformSupportModulesInManaged (15ms)
				SetLoadedEditorAssemblies (1ms)
				RefreshPlugins (1ms)
				BeforeProcessingInitializeOnLoad (104ms)
				ProcessInitializeOnLoadAttributes (295ms)
				ProcessInitializeOnLoadMethodAttributes (29ms)
				AfterProcessingInitializeOnLoad (11ms)
				EditorAssembliesLoaded (0ms)
			ExecutionOrderSort2 (0ms)
			AwakeInstancesAfterBackupRestoration (8ms)
Platform modules already initialized, skipping
========================================================================
Worker process is ready to serve import requests
Launched and connected shader compiler UnityShaderCompiler.exe after 0.09 seconds
Refreshing native plugins compatible for Editor in 0.84 ms, found 4 plugins.
Preloading 0 native plugins for Editor in 0.00 ms.
Unloading 3530 Unused Serialized files (Serialized files now loaded: 0)
Unloading 42 unused Assets / (55.7 KB). Loaded Objects now: 3970.
Memory consumption went from 120.8 MB to 120.7 MB.
Total: 3.847000 ms (FindLiveObjects: 0.410100 ms CreateObjectMapping: 0.356900 ms MarkObjects: 2.986600 ms  DeleteObjects: 0.091500 ms)

AssetImportParameters requested are different than current active one (requested -> active):
  custom:video-decoder-ogg-theora: a1e56fd34408186e4bbccfd4996cb3dc -> 
  custom:container-muxer-webm: aa71ff27fc2769a1b78a27578f13a17b -> 
  custom:container-demuxer-webm: 4f35f7cbe854078d1ac9338744f61a02 -> 
  custom:video-encoder-webm-vp8: eb34c28f22e8b96e1ab97ce403110664 -> 
  custom:audio-encoder-webm-vorbis: bf7c407c2cedff20999df2af8eb42d56 -> 
  custom:framework-win-MediaFoundation: 216162199b28c13a410421893ffa2e32 -> 
  custom:container-demuxer-ogg: 62fdf1f143b41e24485cea50d1cbac27 -> 
  custom:video-decoder-webm-vp8: 9c59270c3fd7afecdb556c50c9e8de78 -> 
  custom:audio-decoder-ogg-vorbis: bf7c407c2cedff20999df2af8eb42d56 -> 
========================================================================
Received Import Request.
  Time since last request: 3797.212409 seconds.
  path: Assets/[Scenes]
  artifactKey: Guid(30340b97d11d06a45ab35a95bc963c9a) Importer(815301076,1909f56bfc062723c751e8b465ee728b)
Start importing Assets/[Scenes] using Guid(30340b97d11d06a45ab35a95bc963c9a) Importer(815301076,1909f56bfc062723c751e8b465ee728b)  -> (artifact id: 'cb4b9f25d7cad88891164136837fbf7a') in 0.049193 seconds 
========================================================================
Received Import Request.
  Time since last request: 124.109996 seconds.
  path: Assets/Models/Robot.fbx
  artifactKey: Guid(c84552dea96f0a74487efd096860bbc0) Importer(815301076,1909f56bfc062723c751e8b465ee728b)
Start importing Assets/Models/Robot.fbx using Guid(c84552dea96f0a74487efd096860bbc0) Importer(815301076,1909f56bfc062723c751e8b465ee728b)  -> (artifact id: 'c914e7fc2488dd1b7c05ea84b74e0782') in 0.093260 seconds 
========================================================================
Received Import Request.
  Time since last request: 56.030429 seconds.
  path: Assets/Models/Robot.fbx
  artifactKey: Guid(c84552dea96f0a74487efd096860bbc0) Importer(815301076,1909f56bfc062723c751e8b465ee728b)
Start importing Assets/Models/Robot.fbx using Guid(c84552dea96f0a74487efd096860bbc0) Importer(815301076,1909f56bfc062723c751e8b465ee728b)  -> (artifact id: '564b0fa8328c6588daaaaee35a7c5961') in 0.005287 seconds 
========================================================================
Received Import Request.
  Time since last request: 60.036455 seconds.
  path: Assets/Models/Robot1.fbx
  artifactKey: Guid(0a8ecaa3e33ffc34281da489c294e102) Importer(815301076,1909f56bfc062723c751e8b465ee728b)
Start importing Assets/Models/Robot1.fbx using Guid(0a8ecaa3e33ffc34281da489c294e102) Importer(815301076,1909f56bfc062723c751e8b465ee728b)  -> (artifact id: '26cba621f7df225f275ab6def048839e') in 0.009092 seconds 
========================================================================
Received Import Request.
  Time since last request: 103.852018 seconds.
  path: Assets/Models/tlie2.fbx
  artifactKey: Guid(19b545ff683d95f4680b8c449d03f394) Importer(815301076,1909f56bfc062723c751e8b465ee728b)
Start importing Assets/Models/tlie2.fbx using Guid(19b545ff683d95f4680b8c449d03f394) Importer(815301076,1909f56bfc062723c751e8b465ee728b)  -> (artifact id: '0d0d8a878be107415927ec4d9a29d27f') in 0.414526 seconds 
========================================================================
Received Import Request.
  Time since last request: 0.224967 seconds.
  path: Assets/Models/Robot.fbx
  artifactKey: Guid(c84552dea96f0a74487efd096860bbc0) Importer(815301076,1909f56bfc062723c751e8b465ee728b)
Start importing Assets/Models/Robot.fbx using Guid(c84552dea96f0a74487efd096860bbc0) Importer(815301076,1909f56bfc062723c751e8b465ee728b)  -> (artifact id: '0ec13b88cdf4a9da9ea90fcba6b19231') in 0.005401 seconds 
========================================================================
Received Import Request.
  Time since last request: 0.702540 seconds.
  path: Assets/Models/tlie1.fbx
  artifactKey: Guid(a2f9a0bb4a13f7f41aeff7c207e8020e) Importer(815301076,1909f56bfc062723c751e8b465ee728b)
Start importing Assets/Models/tlie1.fbx using Guid(a2f9a0bb4a13f7f41aeff7c207e8020e) Importer(815301076,1909f56bfc062723c751e8b465ee728b)  -> (artifact id: '29e033711a50b4bed3b09d431af3a866') in 0.041231 seconds 
========================================================================
Received Import Request.
  Time since last request: 102.615905 seconds.
  path: Assets/Models/Robot.fbx
  artifactKey: Guid(c84552dea96f0a74487efd096860bbc0) Importer(815301076,1909f56bfc062723c751e8b465ee728b)
Start importing Assets/Models/Robot.fbx using Guid(c84552dea96f0a74487efd096860bbc0) Importer(815301076,1909f56bfc062723c751e8b465ee728b)  -> (artifact id: '2e51d3f3f062e9f0f0ec6662f46cc792') in 0.006689 seconds 
========================================================================
Received Import Request.
  Time since last request: 75.486761 seconds.
  path: Assets/Models/Robot.fbx
  artifactKey: Guid(c84552dea96f0a74487efd096860bbc0) Importer(815301076,1909f56bfc062723c751e8b465ee728b)
Start importing Assets/Models/Robot.fbx using Guid(c84552dea96f0a74487efd096860bbc0) Importer(815301076,1909f56bfc062723c751e8b465ee728b)  -> (artifact id: '9df1d50dab4d59a4a08b9ffed7f21aed') in 0.005070 seconds 
========================================================================
Received Import Request.
  Time since last request: 8.447181 seconds.
  path: Assets/Models/1.fbx
  artifactKey: Guid(c84552dea96f0a74487efd096860bbc0) Importer(815301076,1909f56bfc062723c751e8b465ee728b)
Start importing Assets/Models/1.fbx using Guid(c84552dea96f0a74487efd096860bbc0) Importer(815301076,1909f56bfc062723c751e8b465ee728b)  -> (artifact id: 'c338b6c2f7211bde1d23aa6519b87a40') in 0.009076 seconds 
========================================================================
Received Import Request.
  Time since last request: 133.487217 seconds.
  path: Assets/Models/Robot.fbx
  artifactKey: Guid(be24df3b1a189a8468ac6fa7f99f1e09) Importer(815301076,1909f56bfc062723c751e8b465ee728b)
Start importing Assets/Models/Robot.fbx using Guid(be24df3b1a189a8468ac6fa7f99f1e09) Importer(815301076,1909f56bfc062723c751e8b465ee728b)  -> (artifact id: '0e5495589b7ba95c28e52e98d8724dd4') in 0.065350 seconds 
========================================================================
Received Import Request.
  Time since last request: 1054.714087 seconds.
  path: Assets/Models/Robot.fbx
  artifactKey: Guid(be24df3b1a189a8468ac6fa7f99f1e09) Importer(815301076,1909f56bfc062723c751e8b465ee728b)
Start importing Assets/Models/Robot.fbx using Guid(be24df3b1a189a8468ac6fa7f99f1e09) Importer(815301076,1909f56bfc062723c751e8b465ee728b)  -> (artifact id: '6f762de2a0188121431b7b55372eaec7') in 0.068449 seconds 
========================================================================
Received Import Request.
  Time since last request: 32.500341 seconds.
  path: Assets/Models/Robot.fbx
  artifactKey: Guid(be24df3b1a189a8468ac6fa7f99f1e09) Importer(815301076,1909f56bfc062723c751e8b465ee728b)
Start importing Assets/Models/Robot.fbx using Guid(be24df3b1a189a8468ac6fa7f99f1e09) Importer(815301076,1909f56bfc062723c751e8b465ee728b)  -> (artifact id: '42a723d936d31cd5af6533c773526eed') in 0.023444 seconds 
========================================================================
Received Import Request.
  Time since last request: 112.180228 seconds.
  path: Assets/Prefabs/Robot.prefab
  artifactKey: Guid(0953f852f3be9884fb78957f64a6032a) Importer(815301076,1909f56bfc062723c751e8b465ee728b)
Start importing Assets/Prefabs/Robot.prefab using Guid(0953f852f3be9884fb78957f64a6032a) Importer(815301076,1909f56bfc062723c751e8b465ee728b)  -> (artifact id: '3bf92d61ddeafd91d60d122aad78fa42') in 0.024637 seconds 
