Using pre-set license
Built from '2021.2/staging' branch; Version is '2021.2.7f1 (6bd9e232123f) revision 7068130'; Using compiler version '192829333'; Build Type 'Release'
OS: 'Windows 10  (10.0.19043) 64bit Core' Language: 'zh' Physical Memory: 16339 MB
BatchMode: 1, IsHumanControllingUs: 0, StartBugReporterOnCrash: 0, Is64bit: 1, IsPro: 0

COMMAND LINE ARGUMENTS:
C:\Program Files\Unity\Hub\Editor\2021.2.7f1\Editor\Unity.exe
-adb2
-batchMode
-noUpm
-name
AssetImportWorker0
-projectPath
D:/Program Files/unity/Section401/GAME3004-W2022-Lab4
-logFile
Logs/AssetImportWorker0.log
-srvPort
58613
Successfully changed project path to: D:/Program Files/unity/Section401/GAME3004-W2022-Lab4
D:/Program Files/unity/Section401/GAME3004-W2022-Lab4
[UnityMemory] Configuration Parameters - Can be set up in boot.config
    "memorysetup-bucket-allocator-granularity=16"
    "memorysetup-bucket-allocator-bucket-count=8"
    "memorysetup-bucket-allocator-block-size=33554432"
    "memorysetup-bucket-allocator-block-count=8"
    "memorysetup-main-allocator-block-size=16777216"
    "memorysetup-thread-allocator-block-size=16777216"
    "memorysetup-gfx-main-allocator-block-size=16777216"
    "memorysetup-gfx-thread-allocator-block-size=16777216"
    "memorysetup-cache-allocator-block-size=4194304"
    "memorysetup-typetree-allocator-block-size=2097152"
    "memorysetup-profiler-bucket-allocator-granularity=16"
    "memorysetup-profiler-bucket-allocator-bucket-count=8"
    "memorysetup-profiler-bucket-allocator-block-size=33554432"
    "memorysetup-profiler-bucket-allocator-block-count=8"
    "memorysetup-profiler-allocator-block-size=16777216"
    "memorysetup-profiler-editor-allocator-block-size=1048576"
    "memorysetup-temp-allocator-size-main=16777216"
    "memorysetup-job-temp-allocator-block-size=2097152"
    "memorysetup-job-temp-allocator-block-size-background=1048576"
    "memorysetup-job-temp-allocator-reduction-small-platforms=262144"
    "memorysetup-temp-allocator-size-background-worker=32768"
    "memorysetup-temp-allocator-size-job-worker=262144"
    "memorysetup-temp-allocator-size-preload-manager=33554432"
    "memorysetup-temp-allocator-size-nav-mesh-worker=65536"
    "memorysetup-temp-allocator-size-audio-worker=65536"
    "memorysetup-temp-allocator-size-cloud-worker=32768"
    "memorysetup-temp-allocator-size-gi-baking-worker=262144"
    "memorysetup-temp-allocator-size-gfx=262144"
Refreshing native plugins compatible for Editor in 90.10 ms, found 4 plugins.
Preloading 0 native plugins for Editor in 0.00 ms.
Initialize engine version: 2021.2.7f1 (6bd9e232123f)
[Subsystems] Discovering subsystems at path C:/Program Files/Unity/Hub/Editor/2021.2.7f1/Editor/Data/Resources/UnitySubsystems
[Subsystems] Discovering subsystems at path D:/Program Files/unity/Section401/GAME3004-W2022-Lab4/Assets
GfxDevice: creating device client; threaded=0; jobified=0
Direct3D:
    Version:  Direct3D 11.0 [level 11.1]
    Renderer: NVIDIA GeForce GTX 980M (ID=0x13d7)
    Vendor:   NVIDIA
    VRAM:     8035 MB
    Driver:   30.0.14.9729
Initialize mono
Mono path[0] = 'C:/Program Files/Unity/Hub/Editor/2021.2.7f1/Editor/Data/Managed'
Mono path[1] = 'C:/Program Files/Unity/Hub/Editor/2021.2.7f1/Editor/Data/MonoBleedingEdge/lib/mono/unityjit-win32'
Mono config path = 'C:/Program Files/Unity/Hub/Editor/2021.2.7f1/Editor/Data/MonoBleedingEdge/etc'
Using monoOptions --debugger-agent=transport=dt_socket,embedding=1,server=y,suspend=n,address=127.0.0.1:56672
Begin MonoManager ReloadAssembly
Registering precompiled unity dll's ...
Register platform support module: C:/Program Files/Unity/Hub/Editor/2021.2.7f1/Editor/Data/PlaybackEngines/WebGLSupport/UnityEditor.WebGL.Extensions.dll
Register platform support module: C:/Program Files/Unity/Hub/Editor/2021.2.7f1/Editor/Data/PlaybackEngines/WindowsStandaloneSupport/UnityEditor.WindowsStandalone.Extensions.dll
Registered in 0.009951 seconds.
Native extension for WindowsStandalone target not found
Native extension for WebGL target not found
Refreshing native plugins compatible for Editor in 82.74 ms, found 4 plugins.
Preloading 0 native plugins for Editor in 0.00 ms.
Mono: successfully reloaded assembly
- Completed reload, in  0.757 seconds
Domain Reload Profiling:
	ReloadAssembly (758ms)
		BeginReloadAssembly (94ms)
			ExecutionOrderSort (0ms)
			DisableScriptedObjects (0ms)
			BackupInstance (0ms)
			ReleaseScriptingObjects (0ms)
			CreateAndSetChildDomain (1ms)
		EndReloadAssembly (561ms)
			LoadAssemblies (91ms)
			RebuildTransferFunctionScriptingTraits (0ms)
			SetupTypeCache (128ms)
			ReleaseScriptCaches (0ms)
			RebuildScriptCaches (36ms)
			SetupLoadedEditorAssemblies (333ms)
				LogAssemblyErrors (0ms)
				InitializePlatformSupportModulesInManaged (19ms)
				SetLoadedEditorAssemblies (0ms)
				RefreshPlugins (83ms)
				BeforeProcessingInitializeOnLoad (1ms)
				ProcessInitializeOnLoadAttributes (174ms)
				ProcessInitializeOnLoadMethodAttributes (55ms)
				AfterProcessingInitializeOnLoad (0ms)
				EditorAssembliesLoaded (0ms)
			ExecutionOrderSort2 (0ms)
			AwakeInstancesAfterBackupRestoration (0ms)
Platform modules already initialized, skipping
Registering precompiled user dll's ...
Registered in 0.004469 seconds.
Begin MonoManager ReloadAssembly
Symbol file LoadedFromMemory doesn't match image D:\Program Files\unity\Section401\GAME3004-W2022-Lab4\Library\PackageCache\com.unity.visualscripting@1.7.6\Editor\VisualScripting.Core\Dependencies\YamlDotNet\Unity.VisualScripting.YamlDotNet.dll
Symbol file LoadedFromMemory doesn't match image D:\Program Files\unity\Section401\GAME3004-W2022-Lab4\Library\PackageCache\com.unity.visualscripting@1.7.6\Editor\VisualScripting.Core\Dependencies\DotNetZip\Unity.VisualScripting.IonicZip.dll
Native extension for WindowsStandalone target not found
Native extension for WebGL target not found
Refreshing native plugins compatible for Editor in 1.17 ms, found 4 plugins.
Preloading 0 native plugins for Editor in 0.00 ms.
Mono: successfully reloaded assembly
Package Manager log level set to [2]
- Completed reload, in  1.263 seconds
Domain Reload Profiling:
	ReloadAssembly (1264ms)
		BeginReloadAssembly (143ms)
			ExecutionOrderSort (0ms)
			DisableScriptedObjects (7ms)
			BackupInstance (0ms)
			ReleaseScriptingObjects (0ms)
			CreateAndSetChildDomain (33ms)
		EndReloadAssembly (1000ms)
			LoadAssemblies (86ms)
			RebuildTransferFunctionScriptingTraits (0ms)
			SetupTypeCache (261ms)
			ReleaseScriptCaches (1ms)
			RebuildScriptCaches (60ms)
			SetupLoadedEditorAssemblies (527ms)
				LogAssemblyErrors (0ms)
				InitializePlatformSupportModulesInManaged (20ms)
				SetLoadedEditorAssemblies (1ms)
				RefreshPlugins (1ms)
				BeforeProcessingInitializeOnLoad (107ms)
				ProcessInitializeOnLoadAttributes (348ms)
				ProcessInitializeOnLoadMethodAttributes (37ms)
				AfterProcessingInitializeOnLoad (13ms)
				EditorAssembliesLoaded (0ms)
			ExecutionOrderSort2 (0ms)
			AwakeInstancesAfterBackupRestoration (9ms)
Platform modules already initialized, skipping
========================================================================
Worker process is ready to serve import requests
Launched and connected shader compiler UnityShaderCompiler.exe after 0.10 seconds
Refreshing native plugins compatible for Editor in 1.04 ms, found 4 plugins.
Preloading 0 native plugins for Editor in 0.00 ms.
Unloading 3533 Unused Serialized files (Serialized files now loaded: 0)
Unloading 42 unused Assets / (56.0 KB). Loaded Objects now: 3975.
Memory consumption went from 121.3 MB to 121.2 MB.
Total: 4.871000 ms (FindLiveObjects: 0.349500 ms CreateObjectMapping: 0.429600 ms MarkObjects: 3.996600 ms  DeleteObjects: 0.093700 ms)

AssetImportParameters requested are different than current active one (requested -> active):
  custom:video-decoder-ogg-theora: a1e56fd34408186e4bbccfd4996cb3dc -> 
  custom:container-muxer-webm: aa71ff27fc2769a1b78a27578f13a17b -> 
  custom:container-demuxer-webm: 4f35f7cbe854078d1ac9338744f61a02 -> 
  custom:video-encoder-webm-vp8: eb34c28f22e8b96e1ab97ce403110664 -> 
  custom:audio-encoder-webm-vorbis: bf7c407c2cedff20999df2af8eb42d56 -> 
  custom:framework-win-MediaFoundation: 216162199b28c13a410421893ffa2e32 -> 
  custom:container-demuxer-ogg: 62fdf1f143b41e24485cea50d1cbac27 -> 
  custom:video-decoder-webm-vp8: 9c59270c3fd7afecdb556c50c9e8de78 -> 
  custom:audio-decoder-ogg-vorbis: bf7c407c2cedff20999df2af8eb42d56 -> 
========================================================================
Received Import Request.
  Time since last request: 5046.547972 seconds.
  path: Assets/[Scenes]/Main.unity
  artifactKey: Guid(c850ee8c3b14cc8459e7e186857cf567) Importer(815301076,1909f56bfc062723c751e8b465ee728b)
Start importing Assets/[Scenes]/Main.unity using Guid(c850ee8c3b14cc8459e7e186857cf567) Importer(815301076,1909f56bfc062723c751e8b465ee728b)  -> (artifact id: '66a21749d6c091cbd1856fb2ff01c9cb') in 0.087392 seconds 
========================================================================
Received Import Request.
  Time since last request: 110.050145 seconds.
  path: Assets/Models/Hazard.fbx
  artifactKey: Guid(71d8b6cce5992eb499052a68cad5f9ca) Importer(815301076,1909f56bfc062723c751e8b465ee728b)
Start importing Assets/Models/Hazard.fbx using Guid(71d8b6cce5992eb499052a68cad5f9ca) Importer(815301076,1909f56bfc062723c751e8b465ee728b)  -> (artifact id: 'ab13793a4e4d78180db05d3eb944731c') in 0.345127 seconds 
========================================================================
Received Import Request.
  Time since last request: 47.049892 seconds.
  path: Assets/Models/Hazard.fbx
  artifactKey: Guid(71d8b6cce5992eb499052a68cad5f9ca) Importer(815301076,1909f56bfc062723c751e8b465ee728b)
Start importing Assets/Models/Hazard.fbx using Guid(71d8b6cce5992eb499052a68cad5f9ca) Importer(815301076,1909f56bfc062723c751e8b465ee728b)  -> (artifact id: '951bc6b8754fea7201809d3129e0fe9c') in 0.058743 seconds 
========================================================================
Received Import Request.
  Time since last request: 34.631023 seconds.
  path: Assets/Models/Hazard.fbx
  artifactKey: Guid(71d8b6cce5992eb499052a68cad5f9ca) Importer(815301076,1909f56bfc062723c751e8b465ee728b)
Start importing Assets/Models/Hazard.fbx using Guid(71d8b6cce5992eb499052a68cad5f9ca) Importer(815301076,1909f56bfc062723c751e8b465ee728b)  -> (artifact id: '2d9491b409e573059bbc4ab41b7a3158') in 0.031536 seconds 
========================================================================
Received Import Request.
  Time since last request: 622.637732 seconds.
  path: Assets/Animation/Coin Animator Controller.controller
  artifactKey: Guid(26625908266710d45ad7f6207805e974) Importer(815301076,1909f56bfc062723c751e8b465ee728b)
Start importing Assets/Animation/Coin Animator Controller.controller using Guid(26625908266710d45ad7f6207805e974) Importer(815301076,1909f56bfc062723c751e8b465ee728b)  -> (artifact id: 'f01bef496b2d003262ada236b321e568') in 0.014203 seconds 
========================================================================
Received Import Request.
  Time since last request: 13.253428 seconds.
  path: Assets/Animation/Hazard.controller
  artifactKey: Guid(174a556970e1a454b81ec772429787d3) Importer(815301076,1909f56bfc062723c751e8b465ee728b)
Start importing Assets/Animation/Hazard.controller using Guid(174a556970e1a454b81ec772429787d3) Importer(815301076,1909f56bfc062723c751e8b465ee728b)  -> (artifact id: 'e87024c8ddd7fe46b041d7a77e529208') in 0.002387 seconds 
========================================================================
Received Import Request.
  Time since last request: 20.903938 seconds.
  path: Assets/Animation/HazardModel.controller
  artifactKey: Guid(9b110fb7dcc3ae543adb53f3b5ae9066) Importer(815301076,1909f56bfc062723c751e8b465ee728b)
Start importing Assets/Animation/HazardModel.controller using Guid(9b110fb7dcc3ae543adb53f3b5ae9066) Importer(815301076,1909f56bfc062723c751e8b465ee728b)  -> (artifact id: '6f6af8b20555a4f1033a315295863dde') in 0.006216 seconds 
========================================================================
Received Import Request.
  Time since last request: 27.376280 seconds.
  path: Assets/Animation/Hazard Animator Controller.controller
  artifactKey: Guid(9b110fb7dcc3ae543adb53f3b5ae9066) Importer(815301076,1909f56bfc062723c751e8b465ee728b)
Start importing Assets/Animation/Hazard Animator Controller.controller using Guid(9b110fb7dcc3ae543adb53f3b5ae9066) Importer(815301076,1909f56bfc062723c751e8b465ee728b)  -> (artifact id: '8c7af4bb8837a1725dff53ec23275c61') in 0.006347 seconds 
========================================================================
Received Import Request.
  Time since last request: 28.896965 seconds.
  path: Assets/Models/Hazard.fbx
  artifactKey: Guid(71d8b6cce5992eb499052a68cad5f9ca) Importer(815301076,1909f56bfc062723c751e8b465ee728b)
Start importing Assets/Models/Hazard.fbx using Guid(71d8b6cce5992eb499052a68cad5f9ca) Importer(815301076,1909f56bfc062723c751e8b465ee728b)  -> (artifact id: '68d74019e62869a374c4ea8cd1b75bd7') in 0.290777 seconds 
========================================================================
Received Import Request.
  Time since last request: 0.476448 seconds.
  path: Assets/Models/Hazard_Attack Clip.anim
  artifactKey: Guid(393a0c74a961a804fb71dfaa76d986d6) Importer(815301076,1909f56bfc062723c751e8b465ee728b)
Start importing Assets/Models/Hazard_Attack Clip.anim using Guid(393a0c74a961a804fb71dfaa76d986d6) Importer(815301076,1909f56bfc062723c751e8b465ee728b)  -> (artifact id: '1eea8d4604d8eb2b358fbc5ed9336e1b') in 0.008239 seconds 
========================================================================
Received Import Request.
  Time since last request: 19.444613 seconds.
  path: Assets/Animation/Hazard Attack Clip.anim
  artifactKey: Guid(393a0c74a961a804fb71dfaa76d986d6) Importer(815301076,1909f56bfc062723c751e8b465ee728b)
Start importing Assets/Animation/Hazard Attack Clip.anim using Guid(393a0c74a961a804fb71dfaa76d986d6) Importer(815301076,1909f56bfc062723c751e8b465ee728b)  -> (artifact id: '4a303e666d33d24bebab8597bda3865b') in 0.031359 seconds 
========================================================================
Received Prepare
Registering precompiled user dll's ...
Registered in 0.004164 seconds.
Begin MonoManager ReloadAssembly
Symbol file LoadedFromMemory doesn't match image D:\Program Files\unity\Section401\GAME3004-W2022-Lab4\Library\PackageCache\com.unity.visualscripting@1.7.6\Editor\VisualScripting.Core\Dependencies\YamlDotNet\Unity.VisualScripting.YamlDotNet.dll
Symbol file LoadedFromMemory doesn't match image D:\Program Files\unity\Section401\GAME3004-W2022-Lab4\Library\PackageCache\com.unity.visualscripting@1.7.6\Editor\VisualScripting.Core\Dependencies\DotNetZip\Unity.VisualScripting.IonicZip.dll
Native extension for WindowsStandalone target not found
Native extension for WebGL target not found
Refreshing native plugins compatible for Editor in 0.75 ms, found 4 plugins.
Preloading 0 native plugins for Editor in 0.00 ms.
Mono: successfully reloaded assembly
- Completed reload, in  1.328 seconds
Domain Reload Profiling:
	ReloadAssembly (1329ms)
		BeginReloadAssembly (158ms)
			ExecutionOrderSort (0ms)
			DisableScriptedObjects (5ms)
			BackupInstance (0ms)
			ReleaseScriptingObjects (0ms)
			CreateAndSetChildDomain (44ms)
		EndReloadAssembly (1049ms)
			LoadAssemblies (91ms)
			RebuildTransferFunctionScriptingTraits (0ms)
			SetupTypeCache (302ms)
			ReleaseScriptCaches (2ms)
			RebuildScriptCaches (63ms)
			SetupLoadedEditorAssemblies (508ms)
				LogAssemblyErrors (0ms)
				InitializePlatformSupportModulesInManaged (25ms)
				SetLoadedEditorAssemblies (1ms)
				RefreshPlugins (1ms)
				BeforeProcessingInitializeOnLoad (105ms)
				ProcessInitializeOnLoadAttributes (326ms)
				ProcessInitializeOnLoadMethodAttributes (35ms)
				AfterProcessingInitializeOnLoad (15ms)
				EditorAssembliesLoaded (0ms)
			ExecutionOrderSort2 (0ms)
			AwakeInstancesAfterBackupRestoration (10ms)
Platform modules already initialized, skipping
Refreshing native plugins compatible for Editor in 0.89 ms, found 4 plugins.
Preloading 0 native plugins for Editor in 0.00 ms.
Unloading 3527 Unused Serialized files (Serialized files now loaded: 0)
Unloading 37 unused Assets / (24.6 KB). Loaded Objects now: 4020.
Memory consumption went from 137.5 MB to 137.5 MB.
Total: 4.012900 ms (FindLiveObjects: 0.309500 ms CreateObjectMapping: 0.155600 ms MarkObjects: 3.513300 ms  DeleteObjects: 0.033100 ms)

AssetImportParameters requested are different than current active one (requested -> active):
  custom:video-decoder-ogg-theora: a1e56fd34408186e4bbccfd4996cb3dc -> 
  custom:container-muxer-webm: aa71ff27fc2769a1b78a27578f13a17b -> 
  custom:container-demuxer-webm: 4f35f7cbe854078d1ac9338744f61a02 -> 
  custom:video-encoder-webm-vp8: eb34c28f22e8b96e1ab97ce403110664 -> 
  custom:audio-encoder-webm-vorbis: bf7c407c2cedff20999df2af8eb42d56 -> 
  custom:framework-win-MediaFoundation: 216162199b28c13a410421893ffa2e32 -> 
  custom:container-demuxer-ogg: 62fdf1f143b41e24485cea50d1cbac27 -> 
  custom:video-decoder-webm-vp8: 9c59270c3fd7afecdb556c50c9e8de78 -> 
  custom:audio-decoder-ogg-vorbis: bf7c407c2cedff20999df2af8eb42d56 -> 
========================================================================
Received Import Request.
  Time since last request: 156.086829 seconds.
  path: Assets/Animation/Hazard Attack Clip.anim
  artifactKey: Guid(393a0c74a961a804fb71dfaa76d986d6) Importer(815301076,1909f56bfc062723c751e8b465ee728b)
Start importing Assets/Animation/Hazard Attack Clip.anim using Guid(393a0c74a961a804fb71dfaa76d986d6) Importer(815301076,1909f56bfc062723c751e8b465ee728b)  -> (artifact id: '0d2ef5bd4b324e1eeff6ce2e5d6ad1b9') in 0.022157 seconds 
