Using pre-set license
Built from '2021.2/staging' branch; Version is '2021.2.7f1 (6bd9e232123f) revision 7068130'; Using compiler version '192829333'; Build Type 'Release'
OS: 'Windows 10  (10.0.19043) 64bit Core' Language: 'zh' Physical Memory: 16339 MB
BatchMode: 1, IsHumanControllingUs: 0, StartBugReporterOnCrash: 0, Is64bit: 1, IsPro: 0

COMMAND LINE ARGUMENTS:
D:\Program Files\Unity Hub\2021.2.7f1\Editor\Unity.exe
-adb2
-batchMode
-noUpm
-name
AssetImportWorker0
-projectPath
D:/Program Files/unity/Section401/GAME3004-W2022-Lab7
-logFile
Logs/AssetImportWorker0.log
-srvPort
53372
Successfully changed project path to: D:/Program Files/unity/Section401/GAME3004-W2022-Lab7
D:/Program Files/unity/Section401/GAME3004-W2022-Lab7
[UnityMemory] Configuration Parameters - Can be set up in boot.config
    "memorysetup-bucket-allocator-granularity=16"
    "memorysetup-bucket-allocator-bucket-count=8"
    "memorysetup-bucket-allocator-block-size=33554432"
    "memorysetup-bucket-allocator-block-count=8"
    "memorysetup-main-allocator-block-size=16777216"
    "memorysetup-thread-allocator-block-size=16777216"
    "memorysetup-gfx-main-allocator-block-size=16777216"
    "memorysetup-gfx-thread-allocator-block-size=16777216"
    "memorysetup-cache-allocator-block-size=4194304"
    "memorysetup-typetree-allocator-block-size=2097152"
    "memorysetup-profiler-bucket-allocator-granularity=16"
    "memorysetup-profiler-bucket-allocator-bucket-count=8"
    "memorysetup-profiler-bucket-allocator-block-size=33554432"
    "memorysetup-profiler-bucket-allocator-block-count=8"
    "memorysetup-profiler-allocator-block-size=16777216"
    "memorysetup-profiler-editor-allocator-block-size=1048576"
    "memorysetup-temp-allocator-size-main=16777216"
    "memorysetup-job-temp-allocator-block-size=2097152"
    "memorysetup-job-temp-allocator-block-size-background=1048576"
    "memorysetup-job-temp-allocator-reduction-small-platforms=262144"
    "memorysetup-temp-allocator-size-background-worker=32768"
    "memorysetup-temp-allocator-size-job-worker=262144"
    "memorysetup-temp-allocator-size-preload-manager=33554432"
    "memorysetup-temp-allocator-size-nav-mesh-worker=65536"
    "memorysetup-temp-allocator-size-audio-worker=65536"
    "memorysetup-temp-allocator-size-cloud-worker=32768"
    "memorysetup-temp-allocator-size-gi-baking-worker=262144"
    "memorysetup-temp-allocator-size-gfx=262144"
Refreshing native plugins compatible for Editor in 160.57 ms, found 4 plugins.
Preloading 0 native plugins for Editor in 0.00 ms.
Initialize engine version: 2021.2.7f1 (6bd9e232123f)
[Subsystems] Discovering subsystems at path D:/Program Files/Unity Hub/2021.2.7f1/Editor/Data/Resources/UnitySubsystems
[Subsystems] Discovering subsystems at path D:/Program Files/unity/Section401/GAME3004-W2022-Lab7/Assets
GfxDevice: creating device client; threaded=0; jobified=0
Direct3D:
    Version:  Direct3D 11.0 [level 11.1]
    Renderer: NVIDIA GeForce GTX 980M (ID=0x13d7)
    Vendor:   NVIDIA
    VRAM:     8035 MB
    Driver:   30.0.14.9729
Initialize mono
Mono path[0] = 'D:/Program Files/Unity Hub/2021.2.7f1/Editor/Data/Managed'
Mono path[1] = 'D:/Program Files/Unity Hub/2021.2.7f1/Editor/Data/MonoBleedingEdge/lib/mono/unityjit-win32'
Mono config path = 'D:/Program Files/Unity Hub/2021.2.7f1/Editor/Data/MonoBleedingEdge/etc'
Using monoOptions --debugger-agent=transport=dt_socket,embedding=1,server=y,suspend=n,address=127.0.0.1:56748
Begin MonoManager ReloadAssembly
Registering precompiled unity dll's ...
Register platform support module: D:/Program Files/Unity Hub/2021.2.7f1/Editor/Data/PlaybackEngines/WebGLSupport/UnityEditor.WebGL.Extensions.dll
Register platform support module: D:/Program Files/Unity Hub/2021.2.7f1/Editor/Data/PlaybackEngines/WindowsStandaloneSupport/UnityEditor.WindowsStandalone.Extensions.dll
Registered in 0.004565 seconds.
Native extension for WindowsStandalone target not found
Native extension for WebGL target not found
Refreshing native plugins compatible for Editor in 157.13 ms, found 4 plugins.
Preloading 0 native plugins for Editor in 0.00 ms.
Mono: successfully reloaded assembly
- Completed reload, in  0.973 seconds
Domain Reload Profiling:
	ReloadAssembly (973ms)
		BeginReloadAssembly (97ms)
			ExecutionOrderSort (0ms)
			DisableScriptedObjects (0ms)
			BackupInstance (0ms)
			ReleaseScriptingObjects (0ms)
			CreateAndSetChildDomain (1ms)
		EndReloadAssembly (769ms)
			LoadAssemblies (96ms)
			RebuildTransferFunctionScriptingTraits (0ms)
			SetupTypeCache (165ms)
			ReleaseScriptCaches (0ms)
			RebuildScriptCaches (45ms)
			SetupLoadedEditorAssemblies (484ms)
				LogAssemblyErrors (0ms)
				InitializePlatformSupportModulesInManaged (23ms)
				SetLoadedEditorAssemblies (0ms)
				RefreshPlugins (157ms)
				BeforeProcessingInitializeOnLoad (2ms)
				ProcessInitializeOnLoadAttributes (230ms)
				ProcessInitializeOnLoadMethodAttributes (72ms)
				AfterProcessingInitializeOnLoad (0ms)
				EditorAssembliesLoaded (0ms)
			ExecutionOrderSort2 (0ms)
			AwakeInstancesAfterBackupRestoration (0ms)
Platform modules already initialized, skipping
Registering precompiled user dll's ...
Registered in 0.007055 seconds.
Begin MonoManager ReloadAssembly
Symbol file LoadedFromMemory doesn't match image D:\Program Files\unity\Section401\GAME3004-W2022-Lab7\Library\PackageCache\com.unity.visualscripting@1.7.7\Editor\VisualScripting.Core\Dependencies\YamlDotNet\Unity.VisualScripting.YamlDotNet.dll
Symbol file LoadedFromMemory doesn't match image D:\Program Files\unity\Section401\GAME3004-W2022-Lab7\Library\PackageCache\com.unity.visualscripting@1.7.7\Editor\VisualScripting.Core\Dependencies\DotNetZip\Unity.VisualScripting.IonicZip.dll
Native extension for WindowsStandalone target not found
Native extension for WebGL target not found
Refreshing native plugins compatible for Editor in 162.92 ms, found 4 plugins.
Preloading 0 native plugins for Editor in 0.00 ms.
Mono: successfully reloaded assembly
Package Manager log level set to [2]
- Completed reload, in  2.795 seconds
Domain Reload Profiling:
	ReloadAssembly (2796ms)
		BeginReloadAssembly (171ms)
			ExecutionOrderSort (0ms)
			DisableScriptedObjects (10ms)
			BackupInstance (0ms)
			ReleaseScriptingObjects (0ms)
			CreateAndSetChildDomain (30ms)
		EndReloadAssembly (2483ms)
			LoadAssemblies (130ms)
			RebuildTransferFunctionScriptingTraits (0ms)
			SetupTypeCache (465ms)
			ReleaseScriptCaches (2ms)
			RebuildScriptCaches (144ms)
			SetupLoadedEditorAssemblies (1675ms)
				LogAssemblyErrors (0ms)
				InitializePlatformSupportModulesInManaged (17ms)
				SetLoadedEditorAssemblies (0ms)
				RefreshPlugins (163ms)
				BeforeProcessingInitializeOnLoad (166ms)
				ProcessInitializeOnLoadAttributes (1208ms)
				ProcessInitializeOnLoadMethodAttributes (115ms)
				AfterProcessingInitializeOnLoad (5ms)
				EditorAssembliesLoaded (0ms)
			ExecutionOrderSort2 (0ms)
			AwakeInstancesAfterBackupRestoration (9ms)
Platform modules already initialized, skipping
========================================================================
Worker process is ready to serve import requests
Launched and connected shader compiler UnityShaderCompiler.exe after 0.11 seconds
Refreshing native plugins compatible for Editor in 3.32 ms, found 4 plugins.
Preloading 0 native plugins for Editor in 0.00 ms.
Unloading 5941 Unused Serialized files (Serialized files now loaded: 0)
Unloading 54 unused Assets / (1.5 MB). Loaded Objects now: 6374.
Memory consumption went from 231.8 MB to 230.3 MB.
Total: 8.601300 ms (FindLiveObjects: 0.600800 ms CreateObjectMapping: 0.682300 ms MarkObjects: 6.625900 ms  DeleteObjects: 0.691000 ms)

AssetImportParameters requested are different than current active one (requested -> active):
  custom:video-decoder-ogg-theora: a1e56fd34408186e4bbccfd4996cb3dc -> 
  custom:container-muxer-webm: aa71ff27fc2769a1b78a27578f13a17b -> 
  custom:container-demuxer-webm: 4f35f7cbe854078d1ac9338744f61a02 -> 
  custom:video-encoder-webm-vp8: eb34c28f22e8b96e1ab97ce403110664 -> 
  custom:audio-encoder-webm-vorbis: bf7c407c2cedff20999df2af8eb42d56 -> 
  custom:framework-win-MediaFoundation: 216162199b28c13a410421893ffa2e32 -> 
  custom:container-demuxer-ogg: 62fdf1f143b41e24485cea50d1cbac27 -> 
  custom:video-decoder-webm-vp8: 9c59270c3fd7afecdb556c50c9e8de78 -> 
  custom:audio-decoder-ogg-vorbis: bf7c407c2cedff20999df2af8eb42d56 -> 
========================================================================
Received Import Request.
  Time since last request: 6040.412139 seconds.
  path: Assets/Textures/Gravel Cobble Ground Texture 1.jpg
  artifactKey: Guid(304028a81a6ebb043a7bc15168523198) Importer(815301076,1909f56bfc062723c751e8b465ee728b)
Start importing Assets/Textures/Gravel Cobble Ground Texture 1.jpg using Guid(304028a81a6ebb043a7bc15168523198) Importer(815301076,1909f56bfc062723c751e8b465ee728b)  -> (artifact id: 'e552b5ade020b5661c3cb23fcf7d78a4') in 0.117810 seconds 
========================================================================
Received Import Request.
  Time since last request: 6.225714 seconds.
  path: Assets/Textures/Bronze_N.tif
  artifactKey: Guid(1d7f771daa1f08a459ac0e2a3209d115) Importer(815301076,1909f56bfc062723c751e8b465ee728b)
Start importing Assets/Textures/Bronze_N.tif using Guid(1d7f771daa1f08a459ac0e2a3209d115) Importer(815301076,1909f56bfc062723c751e8b465ee728b)  -> (artifact id: 'a94d0c2eb1b57318dd808b209ebe3e31') in 0.098219 seconds 
========================================================================
Received Import Request.
  Time since last request: 0.000026 seconds.
  path: Assets/Textures/Gold Texture_R.tif
  artifactKey: Guid(d6f8155e3010a6d4e8ab441a47e65d0d) Importer(815301076,1909f56bfc062723c751e8b465ee728b)
Start importing Assets/Textures/Gold Texture_R.tif using Guid(d6f8155e3010a6d4e8ab441a47e65d0d) Importer(815301076,1909f56bfc062723c751e8b465ee728b)  -> (artifact id: '9f2a5630dcab80c6549a9b36ebd08672') in 0.020128 seconds 
========================================================================
Received Import Request.
  Time since last request: 0.000039 seconds.
  path: Assets/Textures/Metal.tif
  artifactKey: Guid(6eaea903ef8b12c44bffa9c873a74e56) Importer(815301076,1909f56bfc062723c751e8b465ee728b)
Start importing Assets/Textures/Metal.tif using Guid(6eaea903ef8b12c44bffa9c873a74e56) Importer(815301076,1909f56bfc062723c751e8b465ee728b)  -> (artifact id: 'd88e7601b55eb2890df874873b8305e1') in 0.023738 seconds 
========================================================================
Received Import Request.
  Time since last request: 0.000038 seconds.
  path: Assets/Textures/Metal_M.tif
  artifactKey: Guid(8ef6f991f41829b47bd1235b183b6c11) Importer(815301076,1909f56bfc062723c751e8b465ee728b)
Start importing Assets/Textures/Metal_M.tif using Guid(8ef6f991f41829b47bd1235b183b6c11) Importer(815301076,1909f56bfc062723c751e8b465ee728b)  -> (artifact id: 'dad6f636ee2c01bfcf8169a1f31233ef') in 0.023008 seconds 
========================================================================
Received Import Request.
  Time since last request: 0.000025 seconds.
  path: Assets/Textures/Gold Texture_H.tif
  artifactKey: Guid(9a83962ec5bafd04289ea3c3eb89542c) Importer(815301076,1909f56bfc062723c751e8b465ee728b)
Start importing Assets/Textures/Gold Texture_H.tif using Guid(9a83962ec5bafd04289ea3c3eb89542c) Importer(815301076,1909f56bfc062723c751e8b465ee728b)  -> (artifact id: 'e8c5d956ed85c72557465d2ae4b6a8be') in 0.079646 seconds 
========================================================================
Received Import Request.
  Time since last request: 24.230061 seconds.
  path: Assets/Textures/Gravel Cobble Ground Texture_N.jpg
  artifactKey: Guid(304028a81a6ebb043a7bc15168523198) Importer(815301076,1909f56bfc062723c751e8b465ee728b)
Start importing Assets/Textures/Gravel Cobble Ground Texture_N.jpg using Guid(304028a81a6ebb043a7bc15168523198) Importer(815301076,1909f56bfc062723c751e8b465ee728b)  -> (artifact id: 'dd0f3e0371b3dcb988b0401ad499243b') in 0.019533 seconds 
========================================================================
Received Import Request.
  Time since last request: 30.434531 seconds.
  path: Assets/Textures/Gravel Cobble Ground Texture_N.jpg
  artifactKey: Guid(304028a81a6ebb043a7bc15168523198) Importer(815301076,1909f56bfc062723c751e8b465ee728b)
Start importing Assets/Textures/Gravel Cobble Ground Texture_N.jpg using Guid(304028a81a6ebb043a7bc15168523198) Importer(815301076,1909f56bfc062723c751e8b465ee728b)  -> (artifact id: '7a00f87abdfcb7601a27604ef39318f3') in 0.020527 seconds 
========================================================================
Received Import Request.
  Time since last request: 244.618131 seconds.
  path: Assets/Models/LiftOff@Idle.fbx
  artifactKey: Guid(6cfc17f02b49ead4aa6da859ca5e9cf7) Importer(815301076,1909f56bfc062723c751e8b465ee728b)
Start importing Assets/Models/LiftOff@Idle.fbx using Guid(6cfc17f02b49ead4aa6da859ca5e9cf7) Importer(815301076,1909f56bfc062723c751e8b465ee728b)  -> (artifact id: '738310bedd32d0fba6e8263dc03f2690') in 0.416232 seconds 
========================================================================
Received Import Request.
  Time since last request: 2.998000 seconds.
  path: Assets/Models/Idle.anim
  artifactKey: Guid(668d0c399969df345963a6ef08a48ed2) Importer(815301076,1909f56bfc062723c751e8b465ee728b)
Start importing Assets/Models/Idle.anim using Guid(668d0c399969df345963a6ef08a48ed2) Importer(815301076,1909f56bfc062723c751e8b465ee728b)  -> (artifact id: '80a3ba60bac4bc46e3bdcad404984563') in 0.015847 seconds 
========================================================================
Received Import Request.
  Time since last request: 29.729731 seconds.
  path: Assets/Models/LiftOff@Hook Punch.fbx
  artifactKey: Guid(be9a26786a55c8f4ea6929a635407cf7) Importer(815301076,1909f56bfc062723c751e8b465ee728b)
Start importing Assets/Models/LiftOff@Hook Punch.fbx using Guid(be9a26786a55c8f4ea6929a635407cf7) Importer(815301076,1909f56bfc062723c751e8b465ee728b)  -> (artifact id: '7f6f43f5ffbbd0057b8a70e6150728cc') in 0.083885 seconds 
========================================================================
Received Import Request.
  Time since last request: 11.951614 seconds.
  path: Assets/Models/LiftOffBoody.controller
  artifactKey: Guid(8f236de2810e8ad4a855465f7a053fdd) Importer(815301076,1909f56bfc062723c751e8b465ee728b)
Start importing Assets/Models/LiftOffBoody.controller using Guid(8f236de2810e8ad4a855465f7a053fdd) Importer(815301076,1909f56bfc062723c751e8b465ee728b)  -> (artifact id: '291be7faeaba011fab3b056fc2c56139') in 0.009026 seconds 
========================================================================
Received Import Request.
  Time since last request: 16.829937 seconds.
  path: Assets/Models/LiftOffAnimatorController.controller
  artifactKey: Guid(8f236de2810e8ad4a855465f7a053fdd) Importer(815301076,1909f56bfc062723c751e8b465ee728b)
Start importing Assets/Models/LiftOffAnimatorController.controller using Guid(8f236de2810e8ad4a855465f7a053fdd) Importer(815301076,1909f56bfc062723c751e8b465ee728b)  -> (artifact id: '3f34b0acd0c525d19211d741fed84640') in 0.010984 seconds 
========================================================================
Received Import Request.
  Time since last request: 101.572426 seconds.
  path: Assets/XternalAssets/Samples/Visual Effect Graph/12.1.2/VisualEffectGraph Additions/Prefabs/Bonfire.prefab
  artifactKey: Guid(66827c59bc6abbc4ca6634d6c119529d) Importer(815301076,1909f56bfc062723c751e8b465ee728b)
Start importing Assets/XternalAssets/Samples/Visual Effect Graph/12.1.2/VisualEffectGraph Additions/Prefabs/Bonfire.prefab using Guid(66827c59bc6abbc4ca6634d6c119529d) Importer(815301076,1909f56bfc062723c751e8b465ee728b)  -> (artifact id: 'c0987bd8a1ce241a5ccfa5afb7e98cc4') in 0.034418 seconds 
========================================================================
Received Import Request.
  Time since last request: 0.000031 seconds.
  path: Assets/Prefabs/Coin.prefab
  artifactKey: Guid(b2e8a57ce667cae4cbb46afb617d8f32) Importer(815301076,1909f56bfc062723c751e8b465ee728b)
Start importing Assets/Prefabs/Coin.prefab using Guid(b2e8a57ce667cae4cbb46afb617d8f32) Importer(815301076,1909f56bfc062723c751e8b465ee728b)  -> (artifact id: '7168133d759aa6871b4e795f97902739') in 0.035725 seconds 
========================================================================
Received Import Request.
  Time since last request: 0.000037 seconds.
  path: Assets/Models/Hazard.fbx
  artifactKey: Guid(71d8b6cce5992eb499052a68cad5f9ca) Importer(815301076,1909f56bfc062723c751e8b465ee728b)
Start importing Assets/Models/Hazard.fbx using Guid(71d8b6cce5992eb499052a68cad5f9ca) Importer(815301076,1909f56bfc062723c751e8b465ee728b)  -> (artifact id: '3bb367c24a1c43b26a906c03d0085c1c') in 0.067091 seconds 
========================================================================
Received Import Request.
  Time since last request: 0.000047 seconds.
  path: Assets/XternalAssets/Joystick Pack/Prefabs/Dynamic Joystick.prefab
  artifactKey: Guid(56fae09712773584fb63896d473a98ee) Importer(815301076,1909f56bfc062723c751e8b465ee728b)
Start importing Assets/XternalAssets/Joystick Pack/Prefabs/Dynamic Joystick.prefab using Guid(56fae09712773584fb63896d473a98ee) Importer(815301076,1909f56bfc062723c751e8b465ee728b)  -> (artifact id: 'f1a89846268382a47f288e954a26ef96') in 0.018341 seconds 
========================================================================
Received Import Request.
  Time since last request: 0.000034 seconds.
  path: Assets/XternalAssets/Joystick Pack/Prefabs/Fixed Joystick.prefab
  artifactKey: Guid(aaa2c939c0359ac4dbce3f49e8b90252) Importer(815301076,1909f56bfc062723c751e8b465ee728b)
Start importing Assets/XternalAssets/Joystick Pack/Prefabs/Fixed Joystick.prefab using Guid(aaa2c939c0359ac4dbce3f49e8b90252) Importer(815301076,1909f56bfc062723c751e8b465ee728b)  -> (artifact id: '8d409cd6bc3c51a3b3b073b02a20703b') in 0.011844 seconds 
========================================================================
Received Import Request.
  Time since last request: 0.000032 seconds.
  path: Assets/Prefabs/Hazard.prefab
  artifactKey: Guid(e339cadc1e8bb7340a7d1e9d292d5a55) Importer(815301076,1909f56bfc062723c751e8b465ee728b)
Start importing Assets/Prefabs/Hazard.prefab using Guid(e339cadc1e8bb7340a7d1e9d292d5a55) Importer(815301076,1909f56bfc062723c751e8b465ee728b)  -> (artifact id: '06aa96ba59f69664c810f321d9417bc8') in 0.034870 seconds 
========================================================================
Received Import Request.
  Time since last request: 0.000031 seconds.
  path: Assets/XternalAssets/Joystick Pack/Prefabs/Floating Joystick.prefab
  artifactKey: Guid(0d230cc8be529a542a08cb878ab14b18) Importer(815301076,1909f56bfc062723c751e8b465ee728b)
Start importing Assets/XternalAssets/Joystick Pack/Prefabs/Floating Joystick.prefab using Guid(0d230cc8be529a542a08cb878ab14b18) Importer(815301076,1909f56bfc062723c751e8b465ee728b)  -> (artifact id: 'a7cd2092bf1f4bda6e461168fc8417fa') in 0.012429 seconds 
========================================================================
Received Import Request.
  Time since last request: 1.119765 seconds.
  path: Assets/Models/LiftOff@T-Pose.fbx
  artifactKey: Guid(e85483c384ac3844f9ccba96ee4b99a3) Importer(815301076,1909f56bfc062723c751e8b465ee728b)
Start importing Assets/Models/LiftOff@T-Pose.fbx using Guid(e85483c384ac3844f9ccba96ee4b99a3) Importer(815301076,1909f56bfc062723c751e8b465ee728b)  -> (artifact id: '062d7803e5acf902c9bdd19885d59c21') in 0.090191 seconds 
========================================================================
Received Import Request.
  Time since last request: 0.000041 seconds.
  path: Assets/XternalAssets/Samples/Visual Effect Graph/12.1.2/VisualEffectGraph Additions/Prefabs/Lightning.prefab
  artifactKey: Guid(ed06378267a080f4c83e1c3ec7e39694) Importer(815301076,1909f56bfc062723c751e8b465ee728b)
Start importing Assets/XternalAssets/Samples/Visual Effect Graph/12.1.2/VisualEffectGraph Additions/Prefabs/Lightning.prefab using Guid(ed06378267a080f4c83e1c3ec7e39694) Importer(815301076,1909f56bfc062723c751e8b465ee728b) Tried select unknown importer for id '-2' '00000000000000000000000000000000'
 -> (artifact id: '89b8ee6e6f394390215819a993a5754e') in 0.150152 seconds 
========================================================================
Received Import Request.
  Time since last request: 0.000034 seconds.
  path: Assets/Prefabs/Player.prefab
  artifactKey: Guid(0d9a3e8a9b3156b4c9a1ffe20eab2083) Importer(815301076,1909f56bfc062723c751e8b465ee728b)
Start importing Assets/Prefabs/Player.prefab using Guid(0d9a3e8a9b3156b4c9a1ffe20eab2083) Importer(815301076,1909f56bfc062723c751e8b465ee728b) Tried select unknown importer for id '-2' '00000000000000000000000000000000'
 -> (artifact id: '80ec8bc90d0cebcadf28842884a5c578') in 0.026338 seconds 
========================================================================
Received Import Request.
  Time since last request: 3.159524 seconds.
  path: Assets/Prefabs/Robot.prefab
  artifactKey: Guid(0953f852f3be9884fb78957f64a6032a) Importer(815301076,1909f56bfc062723c751e8b465ee728b)
Start importing Assets/Prefabs/Robot.prefab using Guid(0953f852f3be9884fb78957f64a6032a) Importer(815301076,1909f56bfc062723c751e8b465ee728b) Tried select unknown importer for id '-2' '00000000000000000000000000000000'
 -> (artifact id: 'e0edf889eea7235cf502d951e6169b1d') in 0.051518 seconds 
========================================================================
Received Import Request.
  Time since last request: 9.740831 seconds.
  path: Assets/XternalAssets/Samples/Visual Effect Graph/12.1.2/VisualEffectGraph Additions/Prefabs/Smoke.prefab
  artifactKey: Guid(6af594ec822b0d841896bd627ba57625) Importer(815301076,1909f56bfc062723c751e8b465ee728b)
Start importing Assets/XternalAssets/Samples/Visual Effect Graph/12.1.2/VisualEffectGraph Additions/Prefabs/Smoke.prefab using Guid(6af594ec822b0d841896bd627ba57625) Importer(815301076,1909f56bfc062723c751e8b465ee728b)  -> (artifact id: 'fd59e8041e536fa204f30d00e7132451') in 0.241961 seconds 
========================================================================
Received Import Request.
  Time since last request: 0.142759 seconds.
  path: Assets/Prefabs/StartTlie.prefab
  artifactKey: Guid(b0d2a864b67ea5c45b122a2d1af08781) Importer(815301076,1909f56bfc062723c751e8b465ee728b)
Start importing Assets/Prefabs/StartTlie.prefab using Guid(b0d2a864b67ea5c45b122a2d1af08781) Importer(815301076,1909f56bfc062723c751e8b465ee728b)  -> (artifact id: '3b926959f555aeff397e9a56801ff49c') in 0.020349 seconds 
========================================================================
Received Import Request.
  Time since last request: 0.037819 seconds.
  path: Assets/Models/tlie1.fbx
  artifactKey: Guid(a2f9a0bb4a13f7f41aeff7c207e8020e) Importer(815301076,1909f56bfc062723c751e8b465ee728b)
Start importing Assets/Models/tlie1.fbx using Guid(a2f9a0bb4a13f7f41aeff7c207e8020e) Importer(815301076,1909f56bfc062723c751e8b465ee728b)  -> (artifact id: 'd9e61ede3c84b9bc9e7befa1e2c88d4c') in 0.029941 seconds 
========================================================================
Received Import Request.
  Time since last request: 4.584834 seconds.
  path: Assets/Models/tlie2.fbx
  artifactKey: Guid(19b545ff683d95f4680b8c449d03f394) Importer(815301076,1909f56bfc062723c751e8b465ee728b)
Start importing Assets/Models/tlie2.fbx using Guid(19b545ff683d95f4680b8c449d03f394) Importer(815301076,1909f56bfc062723c751e8b465ee728b)  -> (artifact id: 'a977b541198fead9310d8f3ee041c90f') in 0.059945 seconds 
========================================================================
Received Import Request.
  Time since last request: 28.273684 seconds.
  path: Assets/Models/Hook Punch.anim
  artifactKey: Guid(54d6bfd79f7d7d54089d9cb6a567c0d7) Importer(815301076,1909f56bfc062723c751e8b465ee728b)
Start importing Assets/Models/Hook Punch.anim using Guid(54d6bfd79f7d7d54089d9cb6a567c0d7) Importer(815301076,1909f56bfc062723c751e8b465ee728b)  -> (artifact id: 'db590f3991b4c75ffc1fdf0df0ecf619') in 0.012479 seconds 
========================================================================
Received Import Request.
  Time since last request: 7.890358 seconds.
  path: Assets/Models/Walking.anim
  artifactKey: Guid(c36a554b8c6afc645a9a58e3b6d8cd2e) Importer(815301076,1909f56bfc062723c751e8b465ee728b)
Start importing Assets/Models/Walking.anim using Guid(c36a554b8c6afc645a9a58e3b6d8cd2e) Importer(815301076,1909f56bfc062723c751e8b465ee728b)  -> (artifact id: '2d42a59841bf7d8a6cc10fc956baf157') in 0.011127 seconds 
========================================================================
Received Import Request.
  Time since last request: 72.197037 seconds.
  path: Assets/Animation/Hazard Animator Controller.controller
  artifactKey: Guid(9b110fb7dcc3ae543adb53f3b5ae9066) Importer(815301076,1909f56bfc062723c751e8b465ee728b)
Start importing Assets/Animation/Hazard Animator Controller.controller using Guid(9b110fb7dcc3ae543adb53f3b5ae9066) Importer(815301076,1909f56bfc062723c751e8b465ee728b)  -> (artifact id: 'de4d073b28afce177ffb2f4d9e647854') in 0.007026 seconds 
========================================================================
Received Import Request.
  Time since last request: 8.380551 seconds.
  path: Assets/Animation/LiftOff
  artifactKey: Guid(008f8e849002e264ab2d0210031a4687) Importer(815301076,1909f56bfc062723c751e8b465ee728b)
Start importing Assets/Animation/LiftOff using Guid(008f8e849002e264ab2d0210031a4687) Importer(815301076,1909f56bfc062723c751e8b465ee728b)  -> (artifact id: '95d56f2832a8341f1b579867c8e9128b') in 0.004714 seconds 
========================================================================
Received Import Request.
  Time since last request: 25.196018 seconds.
  path: Assets/Animation
  artifactKey: Guid(233aeebb8ed7b08489812d382e23c750) Importer(815301076,1909f56bfc062723c751e8b465ee728b)
Start importing Assets/Animation using Guid(233aeebb8ed7b08489812d382e23c750) Importer(815301076,1909f56bfc062723c751e8b465ee728b)  -> (artifact id: '4fc4b92feadabd51c05814a982e372f3') in 0.007628 seconds 
========================================================================
Received Import Request.
  Time since last request: 9.689612 seconds.
  path: Assets/Animation/Hazard
  artifactKey: Guid(0535487153b38b14b8d130599ca7d118) Importer(815301076,1909f56bfc062723c751e8b465ee728b)
Start importing Assets/Animation/Hazard using Guid(0535487153b38b14b8d130599ca7d118) Importer(815301076,1909f56bfc062723c751e8b465ee728b)  -> (artifact id: '195eeaf2639e52262a1aefcb83ee6da6') in 0.002371 seconds 
========================================================================
Received Import Request.
  Time since last request: 2.523608 seconds.
  path: Assets/Animation/Coin Animator Controller.controller
  artifactKey: Guid(26625908266710d45ad7f6207805e974) Importer(815301076,1909f56bfc062723c751e8b465ee728b)
Start importing Assets/Animation/Coin Animator Controller.controller using Guid(26625908266710d45ad7f6207805e974) Importer(815301076,1909f56bfc062723c751e8b465ee728b)  -> (artifact id: '1dfd9de10b50604032931d9ba097f098') in 0.007725 seconds 
========================================================================
Received Import Request.
  Time since last request: 8.886959 seconds.
  path: Assets/Animation/Coin
  artifactKey: Guid(7c2d4bea6d4a3c648ba30519b5168098) Importer(815301076,1909f56bfc062723c751e8b465ee728b)
Start importing Assets/Animation/Coin using Guid(7c2d4bea6d4a3c648ba30519b5168098) Importer(815301076,1909f56bfc062723c751e8b465ee728b)  -> (artifact id: 'e05b17b6e9b81789465205bee61d4835') in 0.002056 seconds 
========================================================================
Received Import Request.
  Time since last request: 377.331997 seconds.
  path: Assets/[Scripts]/GameSaveManager.cs
  artifactKey: Guid(6179d017a075d6848977f36ee715a357) Importer(815301076,1909f56bfc062723c751e8b465ee728b)
Start importing Assets/[Scripts]/GameSaveManager.cs using Guid(6179d017a075d6848977f36ee715a357) Importer(815301076,1909f56bfc062723c751e8b465ee728b)  -> (artifact id: 'c447f830ef66bb2939899fa50a11dc85') in 0.048963 seconds 
========================================================================
Received Import Request.
  Time since last request: 9.686267 seconds.
  path: Assets/[Scripts]/PlayerBehaviour.cs
  artifactKey: Guid(b7f9111255fc6d24992541c41fb26aba) Importer(815301076,1909f56bfc062723c751e8b465ee728b)
Start importing Assets/[Scripts]/PlayerBehaviour.cs using Guid(b7f9111255fc6d24992541c41fb26aba) Importer(815301076,1909f56bfc062723c751e8b465ee728b)  -> (artifact id: 'e949cc643903af8994e4d2eb2e3e6582') in 0.006121 seconds 
========================================================================
Received Import Request.
  Time since last request: 14.078806 seconds.
  path: Assets/[Scripts]/LiftOffAnimator.cs
  artifactKey: Guid(bf0ac0c90a2553d479c8d3c93b40a086) Importer(815301076,1909f56bfc062723c751e8b465ee728b)
Start importing Assets/[Scripts]/LiftOffAnimator.cs using Guid(bf0ac0c90a2553d479c8d3c93b40a086) Importer(815301076,1909f56bfc062723c751e8b465ee728b)  -> (artifact id: '0699b9ba763fae2b3a90a6316399b5f5') in 0.007140 seconds 
========================================================================
Received Prepare
Registering precompiled user dll's ...
Registered in 0.009234 seconds.
Begin MonoManager ReloadAssembly
Symbol file LoadedFromMemory doesn't match image D:\Program Files\unity\Section401\GAME3004-W2022-Lab7\Library\PackageCache\com.unity.visualscripting@1.7.7\Editor\VisualScripting.Core\Dependencies\YamlDotNet\Unity.VisualScripting.YamlDotNet.dll
Symbol file LoadedFromMemory doesn't match image D:\Program Files\unity\Section401\GAME3004-W2022-Lab7\Library\PackageCache\com.unity.visualscripting@1.7.7\Editor\VisualScripting.Core\Dependencies\DotNetZip\Unity.VisualScripting.IonicZip.dll
Native extension for WindowsStandalone target not found
Native extension for WebGL target not found
Refreshing native plugins compatible for Editor in 1.27 ms, found 4 plugins.
Preloading 0 native plugins for Editor in 0.00 ms.
Mono: successfully reloaded assembly
- Completed reload, in  1.563 seconds
Domain Reload Profiling:
	ReloadAssembly (1564ms)
		BeginReloadAssembly (171ms)
			ExecutionOrderSort (0ms)
			DisableScriptedObjects (10ms)
			BackupInstance (0ms)
			ReleaseScriptingObjects (0ms)
			CreateAndSetChildDomain (59ms)
		EndReloadAssembly (1285ms)
			LoadAssemblies (98ms)
			RebuildTransferFunctionScriptingTraits (0ms)
			SetupTypeCache (342ms)
			ReleaseScriptCaches (2ms)
			RebuildScriptCaches (89ms)
			SetupLoadedEditorAssemblies (651ms)
				LogAssemblyErrors (0ms)
				InitializePlatformSupportModulesInManaged (16ms)
				SetLoadedEditorAssemblies (1ms)
				RefreshPlugins (1ms)
				BeforeProcessingInitializeOnLoad (112ms)
				ProcessInitializeOnLoadAttributes (438ms)
				ProcessInitializeOnLoadMethodAttributes (80ms)
				AfterProcessingInitializeOnLoad (4ms)
				EditorAssembliesLoaded (0ms)
			ExecutionOrderSort2 (0ms)
			AwakeInstancesAfterBackupRestoration (20ms)
Platform modules already initialized, skipping
Refreshing native plugins compatible for Editor in 1.09 ms, found 4 plugins.
Preloading 0 native plugins for Editor in 0.00 ms.
Unloading 5782 Unused Serialized files (Serialized files now loaded: 0)
Unloading 46 unused Assets / (1.1 MB). Loaded Objects now: 6602.
Memory consumption went from 247.8 MB to 246.8 MB.
Total: 4.572000 ms (FindLiveObjects: 0.517800 ms CreateObjectMapping: 0.362200 ms MarkObjects: 3.529200 ms  DeleteObjects: 0.161600 ms)

AssetImportParameters requested are different than current active one (requested -> active):
  custom:video-decoder-ogg-theora: a1e56fd34408186e4bbccfd4996cb3dc -> 
  custom:container-muxer-webm: aa71ff27fc2769a1b78a27578f13a17b -> 
  custom:container-demuxer-webm: 4f35f7cbe854078d1ac9338744f61a02 -> 
  custom:video-encoder-webm-vp8: eb34c28f22e8b96e1ab97ce403110664 -> 
  custom:audio-encoder-webm-vorbis: bf7c407c2cedff20999df2af8eb42d56 -> 
  custom:framework-win-MediaFoundation: 216162199b28c13a410421893ffa2e32 -> 
  custom:container-demuxer-ogg: 62fdf1f143b41e24485cea50d1cbac27 -> 
  custom:video-decoder-webm-vp8: 9c59270c3fd7afecdb556c50c9e8de78 -> 
  custom:audio-decoder-ogg-vorbis: bf7c407c2cedff20999df2af8eb42d56 -> 
========================================================================
Received Prepare
Registering precompiled user dll's ...
Registered in 0.005706 seconds.
Begin MonoManager ReloadAssembly
Symbol file LoadedFromMemory doesn't match image D:\Program Files\unity\Section401\GAME3004-W2022-Lab7\Library\PackageCache\com.unity.visualscripting@1.7.7\Editor\VisualScripting.Core\Dependencies\YamlDotNet\Unity.VisualScripting.YamlDotNet.dll
Symbol file LoadedFromMemory doesn't match image D:\Program Files\unity\Section401\GAME3004-W2022-Lab7\Library\PackageCache\com.unity.visualscripting@1.7.7\Editor\VisualScripting.Core\Dependencies\DotNetZip\Unity.VisualScripting.IonicZip.dll
Native extension for WindowsStandalone target not found
Native extension for WebGL target not found
Refreshing native plugins compatible for Editor in 1.23 ms, found 4 plugins.
Preloading 0 native plugins for Editor in 0.00 ms.
Mono: successfully reloaded assembly
- Completed reload, in  1.670 seconds
Domain Reload Profiling:
	ReloadAssembly (1670ms)
		BeginReloadAssembly (197ms)
			ExecutionOrderSort (0ms)
			DisableScriptedObjects (9ms)
			BackupInstance (0ms)
			ReleaseScriptingObjects (0ms)
			CreateAndSetChildDomain (73ms)
		EndReloadAssembly (1331ms)
			LoadAssemblies (110ms)
			RebuildTransferFunctionScriptingTraits (0ms)
			SetupTypeCache (377ms)
			ReleaseScriptCaches (2ms)
			RebuildScriptCaches (91ms)
			SetupLoadedEditorAssemblies (653ms)
				LogAssemblyErrors (0ms)
				InitializePlatformSupportModulesInManaged (14ms)
				SetLoadedEditorAssemblies (1ms)
				RefreshPlugins (1ms)
				BeforeProcessingInitializeOnLoad (106ms)
				ProcessInitializeOnLoadAttributes (448ms)
				ProcessInitializeOnLoadMethodAttributes (79ms)
				AfterProcessingInitializeOnLoad (4ms)
				EditorAssembliesLoaded (0ms)
			ExecutionOrderSort2 (0ms)
			AwakeInstancesAfterBackupRestoration (24ms)
Platform modules already initialized, skipping
Refreshing native plugins compatible for Editor in 1.33 ms, found 4 plugins.
Preloading 0 native plugins for Editor in 0.00 ms.
Unloading 5768 Unused Serialized files (Serialized files now loaded: 0)
Unloading 46 unused Assets / (1.1 MB). Loaded Objects now: 6604.
Memory consumption went from 246.9 MB to 245.8 MB.
Total: 5.169800 ms (FindLiveObjects: 0.600200 ms CreateObjectMapping: 0.720400 ms MarkObjects: 3.669500 ms  DeleteObjects: 0.178200 ms)

AssetImportParameters requested are different than current active one (requested -> active):
  custom:video-decoder-ogg-theora: a1e56fd34408186e4bbccfd4996cb3dc -> 
  custom:container-muxer-webm: aa71ff27fc2769a1b78a27578f13a17b -> 
  custom:container-demuxer-webm: 4f35f7cbe854078d1ac9338744f61a02 -> 
  custom:video-encoder-webm-vp8: eb34c28f22e8b96e1ab97ce403110664 -> 
  custom:audio-encoder-webm-vorbis: bf7c407c2cedff20999df2af8eb42d56 -> 
  custom:framework-win-MediaFoundation: 216162199b28c13a410421893ffa2e32 -> 
  custom:container-demuxer-ogg: 62fdf1f143b41e24485cea50d1cbac27 -> 
  custom:video-decoder-webm-vp8: 9c59270c3fd7afecdb556c50c9e8de78 -> 
  custom:audio-decoder-ogg-vorbis: bf7c407c2cedff20999df2af8eb42d56 -> 
========================================================================
Received Prepare
Registering precompiled user dll's ...
Registered in 0.006544 seconds.
Begin MonoManager ReloadAssembly
Symbol file LoadedFromMemory doesn't match image D:\Program Files\unity\Section401\GAME3004-W2022-Lab7\Library\PackageCache\com.unity.visualscripting@1.7.7\Editor\VisualScripting.Core\Dependencies\YamlDotNet\Unity.VisualScripting.YamlDotNet.dll
Symbol file LoadedFromMemory doesn't match image D:\Program Files\unity\Section401\GAME3004-W2022-Lab7\Library\PackageCache\com.unity.visualscripting@1.7.7\Editor\VisualScripting.Core\Dependencies\DotNetZip\Unity.VisualScripting.IonicZip.dll
Native extension for WindowsStandalone target not found
Native extension for WebGL target not found
Refreshing native plugins compatible for Editor in 1.21 ms, found 4 plugins.
Preloading 0 native plugins for Editor in 0.00 ms.
Mono: successfully reloaded assembly
- Completed reload, in  1.625 seconds
Domain Reload Profiling:
	ReloadAssembly (1625ms)
		BeginReloadAssembly (175ms)
			ExecutionOrderSort (0ms)
			DisableScriptedObjects (9ms)
			BackupInstance (0ms)
			ReleaseScriptingObjects (0ms)
			CreateAndSetChildDomain (57ms)
		EndReloadAssembly (1331ms)
			LoadAssemblies (114ms)
			RebuildTransferFunctionScriptingTraits (0ms)
			SetupTypeCache (388ms)
			ReleaseScriptCaches (3ms)
			RebuildScriptCaches (82ms)
			SetupLoadedEditorAssemblies (657ms)
				LogAssemblyErrors (0ms)
				InitializePlatformSupportModulesInManaged (15ms)
				SetLoadedEditorAssemblies (1ms)
				RefreshPlugins (1ms)
				BeforeProcessingInitializeOnLoad (113ms)
				ProcessInitializeOnLoadAttributes (433ms)
				ProcessInitializeOnLoadMethodAttributes (90ms)
				AfterProcessingInitializeOnLoad (4ms)
				EditorAssembliesLoaded (0ms)
			ExecutionOrderSort2 (0ms)
			AwakeInstancesAfterBackupRestoration (21ms)
Platform modules already initialized, skipping
Refreshing native plugins compatible for Editor in 1.12 ms, found 4 plugins.
Preloading 0 native plugins for Editor in 0.00 ms.
Unloading 5768 Unused Serialized files (Serialized files now loaded: 0)
Unloading 46 unused Assets / (1.1 MB). Loaded Objects now: 6606.
Memory consumption went from 246.9 MB to 245.9 MB.
Total: 4.821300 ms (FindLiveObjects: 0.576900 ms CreateObjectMapping: 0.709900 ms MarkObjects: 3.364600 ms  DeleteObjects: 0.169000 ms)

AssetImportParameters requested are different than current active one (requested -> active):
  custom:video-decoder-ogg-theora: a1e56fd34408186e4bbccfd4996cb3dc -> 
  custom:container-muxer-webm: aa71ff27fc2769a1b78a27578f13a17b -> 
  custom:container-demuxer-webm: 4f35f7cbe854078d1ac9338744f61a02 -> 
  custom:video-encoder-webm-vp8: eb34c28f22e8b96e1ab97ce403110664 -> 
  custom:audio-encoder-webm-vorbis: bf7c407c2cedff20999df2af8eb42d56 -> 
  custom:framework-win-MediaFoundation: 216162199b28c13a410421893ffa2e32 -> 
  custom:container-demuxer-ogg: 62fdf1f143b41e24485cea50d1cbac27 -> 
  custom:video-decoder-webm-vp8: 9c59270c3fd7afecdb556c50c9e8de78 -> 
  custom:audio-decoder-ogg-vorbis: bf7c407c2cedff20999df2af8eb42d56 -> 
========================================================================
Received Prepare
Registering precompiled user dll's ...
Registered in 0.005857 seconds.
Begin MonoManager ReloadAssembly
Symbol file LoadedFromMemory doesn't match image D:\Program Files\unity\Section401\GAME3004-W2022-Lab7\Library\PackageCache\com.unity.visualscripting@1.7.7\Editor\VisualScripting.Core\Dependencies\YamlDotNet\Unity.VisualScripting.YamlDotNet.dll
Symbol file LoadedFromMemory doesn't match image D:\Program Files\unity\Section401\GAME3004-W2022-Lab7\Library\PackageCache\com.unity.visualscripting@1.7.7\Editor\VisualScripting.Core\Dependencies\DotNetZip\Unity.VisualScripting.IonicZip.dll
Native extension for WindowsStandalone target not found
Native extension for WebGL target not found
Refreshing native plugins compatible for Editor in 1.38 ms, found 4 plugins.
Preloading 0 native plugins for Editor in 0.00 ms.
Mono: successfully reloaded assembly
- Completed reload, in  1.804 seconds
Domain Reload Profiling:
	ReloadAssembly (1805ms)
		BeginReloadAssembly (170ms)
			ExecutionOrderSort (0ms)
			DisableScriptedObjects (13ms)
			BackupInstance (0ms)
			ReleaseScriptingObjects (0ms)
			CreateAndSetChildDomain (51ms)
		EndReloadAssembly (1507ms)
			LoadAssemblies (117ms)
			RebuildTransferFunctionScriptingTraits (0ms)
			SetupTypeCache (381ms)
			ReleaseScriptCaches (3ms)
			RebuildScriptCaches (83ms)
			SetupLoadedEditorAssemblies (819ms)
				LogAssemblyErrors (0ms)
				InitializePlatformSupportModulesInManaged (16ms)
				SetLoadedEditorAssemblies (1ms)
				RefreshPlugins (1ms)
				BeforeProcessingInitializeOnLoad (121ms)
				ProcessInitializeOnLoadAttributes (550ms)
				ProcessInitializeOnLoadMethodAttributes (123ms)
				AfterProcessingInitializeOnLoad (6ms)
				EditorAssembliesLoaded (0ms)
			ExecutionOrderSort2 (0ms)
			AwakeInstancesAfterBackupRestoration (30ms)
Platform modules already initialized, skipping
Refreshing native plugins compatible for Editor in 2.06 ms, found 4 plugins.
Preloading 0 native plugins for Editor in 0.00 ms.
Unloading 5768 Unused Serialized files (Serialized files now loaded: 0)
Unloading 46 unused Assets / (1.1 MB). Loaded Objects now: 6608.
Memory consumption went from 246.9 MB to 245.9 MB.
Total: 8.028500 ms (FindLiveObjects: 0.524800 ms CreateObjectMapping: 0.580800 ms MarkObjects: 6.565400 ms  DeleteObjects: 0.355800 ms)

AssetImportParameters requested are different than current active one (requested -> active):
  custom:video-decoder-ogg-theora: a1e56fd34408186e4bbccfd4996cb3dc -> 
  custom:container-muxer-webm: aa71ff27fc2769a1b78a27578f13a17b -> 
  custom:container-demuxer-webm: 4f35f7cbe854078d1ac9338744f61a02 -> 
  custom:video-encoder-webm-vp8: eb34c28f22e8b96e1ab97ce403110664 -> 
  custom:audio-encoder-webm-vorbis: bf7c407c2cedff20999df2af8eb42d56 -> 
  custom:framework-win-MediaFoundation: 216162199b28c13a410421893ffa2e32 -> 
  custom:container-demuxer-ogg: 62fdf1f143b41e24485cea50d1cbac27 -> 
  custom:video-decoder-webm-vp8: 9c59270c3fd7afecdb556c50c9e8de78 -> 
  custom:audio-decoder-ogg-vorbis: bf7c407c2cedff20999df2af8eb42d56 -> 
========================================================================
Received Prepare
Registering precompiled user dll's ...
Registered in 0.005999 seconds.
Begin MonoManager ReloadAssembly
Symbol file LoadedFromMemory doesn't match image D:\Program Files\unity\Section401\GAME3004-W2022-Lab7\Library\PackageCache\com.unity.visualscripting@1.7.7\Editor\VisualScripting.Core\Dependencies\YamlDotNet\Unity.VisualScripting.YamlDotNet.dll
Symbol file LoadedFromMemory doesn't match image D:\Program Files\unity\Section401\GAME3004-W2022-Lab7\Library\PackageCache\com.unity.visualscripting@1.7.7\Editor\VisualScripting.Core\Dependencies\DotNetZip\Unity.VisualScripting.IonicZip.dll
Native extension for WindowsStandalone target not found
Native extension for WebGL target not found
Refreshing native plugins compatible for Editor in 1.60 ms, found 4 plugins.
Preloading 0 native plugins for Editor in 0.00 ms.
Mono: successfully reloaded assembly
- Completed reload, in  1.968 seconds
Domain Reload Profiling:
	ReloadAssembly (1969ms)
		BeginReloadAssembly (162ms)
			ExecutionOrderSort (0ms)
			DisableScriptedObjects (9ms)
			BackupInstance (0ms)
			ReleaseScriptingObjects (0ms)
			CreateAndSetChildDomain (54ms)
		EndReloadAssembly (1690ms)
			LoadAssemblies (99ms)
			RebuildTransferFunctionScriptingTraits (0ms)
			SetupTypeCache (458ms)
			ReleaseScriptCaches (3ms)
			RebuildScriptCaches (120ms)
			SetupLoadedEditorAssemblies (855ms)
				LogAssemblyErrors (0ms)
				InitializePlatformSupportModulesInManaged (20ms)
				SetLoadedEditorAssemblies (1ms)
				RefreshPlugins (2ms)
				BeforeProcessingInitializeOnLoad (144ms)
				ProcessInitializeOnLoadAttributes (567ms)
				ProcessInitializeOnLoadMethodAttributes (116ms)
				AfterProcessingInitializeOnLoad (5ms)
				EditorAssembliesLoaded (0ms)
			ExecutionOrderSort2 (0ms)
			AwakeInstancesAfterBackupRestoration (32ms)
Platform modules already initialized, skipping
Refreshing native plugins compatible for Editor in 1.67 ms, found 4 plugins.
Preloading 0 native plugins for Editor in 0.00 ms.
Unloading 5768 Unused Serialized files (Serialized files now loaded: 0)
Unloading 46 unused Assets / (1.1 MB). Loaded Objects now: 6610.
Memory consumption went from 247.0 MB to 245.9 MB.
Total: 8.110000 ms (FindLiveObjects: 0.664300 ms CreateObjectMapping: 0.847500 ms MarkObjects: 6.230600 ms  DeleteObjects: 0.366000 ms)

AssetImportParameters requested are different than current active one (requested -> active):
  custom:video-decoder-ogg-theora: a1e56fd34408186e4bbccfd4996cb3dc -> 
  custom:container-muxer-webm: aa71ff27fc2769a1b78a27578f13a17b -> 
  custom:container-demuxer-webm: 4f35f7cbe854078d1ac9338744f61a02 -> 
  custom:video-encoder-webm-vp8: eb34c28f22e8b96e1ab97ce403110664 -> 
  custom:audio-encoder-webm-vorbis: bf7c407c2cedff20999df2af8eb42d56 -> 
  custom:framework-win-MediaFoundation: 216162199b28c13a410421893ffa2e32 -> 
  custom:container-demuxer-ogg: 62fdf1f143b41e24485cea50d1cbac27 -> 
  custom:video-decoder-webm-vp8: 9c59270c3fd7afecdb556c50c9e8de78 -> 
  custom:audio-decoder-ogg-vorbis: bf7c407c2cedff20999df2af8eb42d56 -> 
